[2026-02-27 00:00:42.590 +00:00] [INF] [137] Emby.Server.Implementations.ScheduledTasks.TaskManager: "Download missing subtitles" Completed after 0 minute(s) and 0 seconds
[2026-02-27 00:00:42.666 +00:00] [INF] [141] Emby.Server.Implementations.IO.LibraryMonitor: Stopping directory watching for path "/media/photos"
[2026-02-27 00:00:42.666 +00:00] [INF] [141] Emby.Server.Implementations.Library.LibraryManager: Validating media library
[2026-02-27 00:00:42.668 +00:00] [INF] [137] Emby.Server.Implementations.ScheduledTasks.TaskManager: "Clean Log Directory" Completed after 0 minute(s) and 0 seconds
[2026-02-27 00:00:42.702 +00:00] [INF] [139] Emby.Server.Implementations.ScheduledTasks.Tasks.OptimizeDatabaseTask: Optimizing and vacuuming jellyfin.db...
[2026-02-27 00:00:42.706 +00:00] [INF] [138] Emby.Server.Implementations.ScheduledTasks.TaskManager: "Clean Cache Directory" Completed after 0 minute(s) and 0 seconds
[2026-02-27 00:00:42.740 +00:00] [INF] [135] Emby.Server.Implementations.ScheduledTasks.TaskManager: "Media Segment Scan" Completed after 0 minute(s) and 0 seconds
[2026-02-27 00:00:42.789 +00:00] [WRN] [141] MediaBrowser.Controller.Entities.BaseItem: Library folder "/config/data/playlists" is inaccessible or empty, skipping
[2026-02-27 00:00:42.865 +00:00] [INF] [138] Emby.Server.Implementations.ScheduledTasks.TaskManager: "TasksRefreshChannels" Completed after 0 minute(s) and 0 seconds
[2026-02-27 00:00:42.866 +00:00] [INF] [130] Emby.Server.Implementations.ScheduledTasks.TaskManager: "Download missing lyrics" Completed after 0 minute(s) and 0 seconds
[2026-02-27 00:00:42.898 +00:00] [INF] [140] Emby.Server.Implementations.Library.LibraryManager: People validation complete
[2026-02-27 00:00:42.938 +00:00] [WRN] [140] Microsoft.EntityFrameworkCore.Query: The query uses a row limiting operator ('Skip'/'Take') without an 'OrderBy' operator. This may lead to unpredictable results. If the 'Distinct' operator is used after 'OrderBy', then make sure to use the 'OrderBy' operator after 'Distinct' as the ordering would otherwise get erased.
[2026-02-27 00:00:42.948 +00:00] [INF] [140] Emby.Server.Implementations.ScheduledTasks.TaskManager: "Refresh People" Completed after 0 minute(s) and 0 seconds
[2026-02-27 00:00:43.005 +00:00] [INF] [134] Emby.Server.Implementations.ScheduledTasks.TaskManager: "Audio Normalization" Completed after 0 minute(s) and 0 seconds
[2026-02-27 00:00:43.067 +00:00] [INF] [139] Jellyfin.Database.Providers.Sqlite.SqliteDatabaseProvider: jellyfin.db optimized successfully!
[2026-02-27 00:00:43.067 +00:00] [INF] [139] Emby.Server.Implementations.ScheduledTasks.TaskManager: "Optimize database" Completed after 0 minute(s) and 0 seconds
[2026-02-27 00:00:44.118 +00:00] [WRN] [139] MediaBrowser.Controller.Entities.BaseItem: Library folder "/config/data/playlists" is inaccessible or empty, skipping
[2026-02-27 00:00:45.542 +00:00] [INF] [134] Emby.Server.Implementations.ScheduledTasks.TaskManager: "Scan Media Library" Completed after 0 minute(s) and 2 seconds
[2026-02-27 00:00:45.599 +00:00] [INF] [139] Emby.Server.Implementations.IO.LibraryMonitor: Watching directory "/media/photos"
[2026-02-27 00:00:45.802 +00:00] [INF] [139] Jellyfin.LiveTv.Guide.GuideManager: Refreshing guide with 7 days of guide data
[2026-02-27 00:00:45.812 +00:00] [INF] [139] Emby.Server.Implementations.ScheduledTasks.TaskManager: "Refresh Guide" Completed after 0 minute(s) and 3 seconds
