[2026-02-28 00:02:19.973 +00:00] [INF] [31] Emby.Server.Implementations.Session.SessionWebSocketListener: Sending ForceKeepAlive message to 1 inactive WebSockets.
[2026-02-28 00:06:07.971 +00:00] [INF] [50] Emby.Server.Implementations.Session.SessionWebSocketListener: Sending ForceKeepAlive message to 1 inactive WebSockets.
[2026-02-28 00:10:31.976 +00:00] [INF] [124] Emby.Server.Implementations.Session.SessionWebSocketListener: Sending ForceKeepAlive message to 1 inactive WebSockets.
[2026-02-28 00:14:19.973 +00:00] [INF] [121] Emby.Server.Implementations.Session.SessionWebSocketListener: Sending ForceKeepAlive message to 1 inactive WebSockets.
[2026-02-28 00:18:07.974 +00:00] [INF] [77] Emby.Server.Implementations.Session.SessionWebSocketListener: Sending ForceKeepAlive message to 1 inactive WebSockets.
[2026-02-28 00:22:31.970 +00:00] [INF] [69] Emby.Server.Implementations.Session.SessionWebSocketListener: Sending ForceKeepAlive message to 1 inactive WebSockets.
[2026-02-28 00:26:19.976 +00:00] [INF] [66] Emby.Server.Implementations.Session.SessionWebSocketListener: Sending ForceKeepAlive message to 1 inactive WebSockets.
[2026-02-28 00:27:15.395 +00:00] [INF] [69] Emby.Server.Implementations.HttpServer.WebSocketManager: WS "192.168.4.215" closed
[2026-02-28 02:00:00.076 +00:00] [INF] [112] Emby.Server.Implementations.ScheduledTasks.TaskManager: "Extract Chapter Images" Completed after 0 minute(s) and 0 seconds
[2026-02-28 02:00:01.004 +00:00] [INF] [119] Emby.Server.Implementations.ScheduledTasks.TaskManager: Daily trigger for "Extract Chapter Images" set to fire at 2026-03-01 02:00:00.000 +00:00, which is 23:59:58.9951938 from now.
[2026-02-28 03:00:00.195 +00:00] [INF] [102] Emby.Server.Implementations.ScheduledTasks.TaskManager: "Generate Trickplay Images" Completed after 0 minute(s) and 0 seconds
[2026-02-28 03:00:00.999 +00:00] [INF] [103] Emby.Server.Implementations.ScheduledTasks.TaskManager: Daily trigger for "Generate Trickplay Images" set to fire at 2026-03-01 03:00:00.000 +00:00, which is 23:59:59.0008302 from now.
[2026-02-28 05:59:01.129 +00:00] [INF] [106] Emby.Server.Implementations.ScheduledTasks.Tasks.OptimizeDatabaseTask: Optimizing and vacuuming jellyfin.db...
[2026-02-28 05:59:02.126 +00:00] [INF] [106] Jellyfin.Database.Providers.Sqlite.SqliteDatabaseProvider: jellyfin.db optimized successfully!
[2026-02-28 05:59:02.126 +00:00] [INF] [106] Emby.Server.Implementations.ScheduledTasks.TaskManager: "Optimize database" Completed after 0 minute(s) and 0 seconds
[2026-02-28 11:56:59.015 +00:00] [INF] [122] Emby.Server.Implementations.ScheduledTasks.TaskManager: "Download missing subtitles" Completed after 0 minute(s) and 0 seconds
[2026-02-28 11:56:59.109 +00:00] [INF] [158] Emby.Server.Implementations.ScheduledTasks.TaskManager: "Download missing lyrics" Completed after 0 minute(s) and 0 seconds
[2026-02-28 11:56:59.137 +00:00] [INF] [122] Emby.Server.Implementations.ScheduledTasks.TaskManager: "Clean Transcode Directory" Completed after 0 minute(s) and 0 seconds
[2026-02-28 11:56:59.167 +00:00] [INF] [49] Emby.Server.Implementations.ScheduledTasks.TaskManager: "Clean Log Directory" Completed after 0 minute(s) and 0 seconds
[2026-02-28 11:56:59.202 +00:00] [INF] [158] Emby.Server.Implementations.ScheduledTasks.TaskManager: "Clean Cache Directory" Completed after 0 minute(s) and 0 seconds
[2026-02-28 11:56:59.257 +00:00] [INF] [85] Emby.Server.Implementations.ScheduledTasks.TaskManager: "Audio Normalization" Completed after 0 minute(s) and 0 seconds
[2026-02-28 11:56:59.299 +00:00] [INF] [125] Emby.Server.Implementations.ScheduledTasks.TaskManager: "TasksRefreshChannels" Completed after 0 minute(s) and 0 seconds
[2026-02-28 11:56:59.956 +00:00] [INF] [85] Emby.Server.Implementations.ScheduledTasks.TaskManager: "Update Plugins" Completed after 0 minute(s) and 0 seconds
[2026-02-28 11:57:02.245 +00:00] [INF] [125] Jellyfin.LiveTv.Guide.GuideManager: Refreshing guide with 7 days of guide data
[2026-02-28 11:57:02.255 +00:00] [INF] [125] Emby.Server.Implementations.ScheduledTasks.TaskManager: "Refresh Guide" Completed after 0 minute(s) and 3 seconds
[2026-02-28 11:58:00.124 +00:00] [INF] [125] Emby.Server.Implementations.IO.LibraryMonitor: Stopping directory watching for path "/media/Movies"
[2026-02-28 11:58:00.125 +00:00] [INF] [125] Emby.Server.Implementations.Library.LibraryManager: Validating media library
[2026-02-28 11:58:00.188 +00:00] [INF] [13] Emby.Server.Implementations.ScheduledTasks.TaskManager: "Media Segment Scan" Completed after 0 minute(s) and 0 seconds
[2026-02-28 11:58:00.234 +00:00] [ERR] [125] Emby.Server.Implementations.Library.LibraryManager: Error in GetFilteredFileSystemEntries isPhysicalRoot: False IsVf: False
System.IO.DirectoryNotFoundException: Could not find a part of the path '/media/photos'.
   at System.IO.Enumeration.FileSystemEnumerator`1.Init()
   at System.IO.DirectoryInfo.InternalEnumerateInfos(String path, String searchPattern, SearchTarget searchTarget, EnumerationOptions options)
   at MediaBrowser.Controller.Providers.DirectoryService.<>c.<GetFileSystemEntries>b__5_0(String p, IFileSystem fileSystem)
   at MediaBrowser.Controller.Providers.DirectoryService.GetFileSystemEntries(String path)
   at MediaBrowser.Controller.IO.FileData.GetFilteredFileSystemEntries(IDirectoryService directoryService, String path, IFileSystem fileSystem, IServerApplicationHost appHost, ILogger logger, ItemResolveArgs args, Int32 flattenFolderDepth, Boolean resolveShortcuts)
   at Emby.Server.Implementations.Library.LibraryManager.ResolvePath(FileSystemMetadata fileInfo, IDirectoryService directoryService, IItemResolver[] resolvers, Folder parent, Nullable`1 collectionType, LibraryOptions libraryOptions)
[2026-02-28 11:58:00.234 +00:00] [ERR] [125] Emby.Server.Implementations.Library.LibraryManager: Error in "PlaylistResolver" resolving "/media/photos"
System.IO.DirectoryNotFoundException: Could not find a part of the path '/media/photos'.
   at System.IO.Enumeration.FileSystemEnumerator`1.Init()
   at System.IO.Enumeration.FileSystemEnumerableFactory.UserFiles(String directory, String expression, EnumerationOptions options)
   at System.IO.Directory.EnumerateFiles(String path, String searchPattern, EnumerationOptions enumerationOptions)
   at Emby.Server.Implementations.Library.Resolvers.PlaylistResolver.Resolve(ItemResolveArgs args)
   at Emby.Server.Implementations.Library.LibraryManager.Resolve(ItemResolveArgs args, IItemResolver resolver)
[2026-02-28 11:58:00.234 +00:00] [ERR] [125] Emby.Server.Implementations.IO.ManagedFileSystem: Failed to enumerate path "/media/photos"
System.IO.DirectoryNotFoundException: Could not find a part of the path '/media/photos'.
   at System.IO.Enumeration.FileSystemEnumerator`1.Init()
   at System.IO.Enumeration.FileSystemEnumerableFactory.UserEntries(String directory, String expression, EnumerationOptions options)
   at System.IO.Directory.EnumerateFileSystemEntries(String path, String searchPattern, EnumerationOptions enumerationOptions)
   at Emby.Server.Implementations.IO.ManagedFileSystem.GetFileSystemEntryPaths(String path, Boolean recursive)
[2026-02-28 11:58:00.234 +00:00] [WRN] [125] MediaBrowser.Controller.Entities.BaseItem: Library folder "/media/photos" is inaccessible or empty, skipping
[2026-02-28 11:58:00.270 +00:00] [WRN] [125] MediaBrowser.Controller.Entities.BaseItem: Library folder "/config/data/playlists" is inaccessible or empty, skipping
[2026-02-28 11:58:00.275 +00:00] [ERR] [13] MediaBrowser.Providers.Folders.CollectionFolderMetadataService: Error validating images for "/config/root/default/Home Videos and Photos"
System.IO.DirectoryNotFoundException: Could not find a part of the path '/media/photos'.
   at System.IO.Enumeration.FileSystemEnumerator`1.Init()
   at System.IO.Enumeration.FileSystemEnumerableFactory.FileInfos(String directory, String expression, EnumerationOptions options, Boolean isNormalized)
   at System.IO.DirectoryInfo.InternalEnumerateInfos(String path, String searchPattern, SearchTarget searchTarget, EnumerationOptions options)
   at System.IO.DirectoryInfo.EnumerateFiles(String searchPattern, EnumerationOptions enumerationOptions)
   at Emby.Server.Implementations.IO.ManagedFileSystem.GetFiles(String path, String searchPattern, IReadOnlyList`1 extensions, Boolean enableCaseSensitiveExtensions, Boolean recursive)
   at Emby.Server.Implementations.IO.ManagedFileSystem.GetFiles(String path, IReadOnlyList`1 extensions, Boolean enableCaseSensitiveExtensions, Boolean recursive)
   at MediaBrowser.LocalMetadata.Images.LocalImageProvider.<GetImages>b__15_0(String i)
   at System.Linq.Enumerable.SelectManySingleSelectorIterator`2.ToArray()
   at System.Linq.Enumerable.OrderedIterator`1.ToList()
   at MediaBrowser.LocalMetadata.Images.LocalImageProvider.GetImages(BaseItem item, IEnumerable`1 paths, IDirectoryService directoryService)
   at MediaBrowser.LocalMetadata.Images.CollectionFolderLocalImageProvider.GetImages(BaseItem item, IDirectoryService directoryService)
   at System.Linq.Enumerable.SelectManySingleSelectorIterator`2.ToList()
   at MediaBrowser.Providers.Manager.MetadataService`2.RefreshMetadata(BaseItem item, MetadataRefreshOptions refreshOptions, CancellationToken cancellationToken)
[2026-02-28 11:58:00.280 +00:00] [ERR] [125] MediaBrowser.Providers.Folders.CollectionFolderMetadataService: Error validating images for "/config/root/default/Home Videos and Photos"
System.IO.DirectoryNotFoundException: Could not find a part of the path '/media/photos'.
   at System.IO.Enumeration.FileSystemEnumerator`1.Init()
   at System.IO.Enumeration.FileSystemEnumerableFactory.FileInfos(String directory, String expression, EnumerationOptions options, Boolean isNormalized)
   at System.IO.DirectoryInfo.InternalEnumerateInfos(String path, String searchPattern, SearchTarget searchTarget, EnumerationOptions options)
   at System.IO.DirectoryInfo.EnumerateFiles(String searchPattern, EnumerationOptions enumerationOptions)
   at Emby.Server.Implementations.IO.ManagedFileSystem.GetFiles(String path, String searchPattern, IReadOnlyList`1 extensions, Boolean enableCaseSensitiveExtensions, Boolean recursive)
   at Emby.Server.Implementations.IO.ManagedFileSystem.GetFiles(String path, IReadOnlyList`1 extensions, Boolean enableCaseSensitiveExtensions, Boolean recursive)
   at MediaBrowser.LocalMetadata.Images.LocalImageProvider.<GetImages>b__15_0(String i)
   at System.Linq.Enumerable.SelectManySingleSelectorIterator`2.ToArray()
   at System.Linq.Enumerable.OrderedIterator`1.ToList()
   at MediaBrowser.LocalMetadata.Images.LocalImageProvider.GetImages(BaseItem item, IEnumerable`1 paths, IDirectoryService directoryService)
   at MediaBrowser.LocalMetadata.Images.CollectionFolderLocalImageProvider.GetImages(BaseItem item, IDirectoryService directoryService)
   at System.Linq.Enumerable.SelectManySingleSelectorIterator`2.ToList()
   at MediaBrowser.Providers.Manager.MetadataService`2.RefreshMetadata(BaseItem item, MetadataRefreshOptions refreshOptions, CancellationToken cancellationToken)
[2026-02-28 11:58:00.309 +00:00] [ERR] [125] Emby.Server.Implementations.Library.LibraryManager: Error in GetFilteredFileSystemEntries isPhysicalRoot: False IsVf: False
System.IO.DirectoryNotFoundException: Could not find a part of the path '/media/photos'.
   at System.IO.Enumeration.FileSystemEnumerator`1.Init()
   at System.IO.DirectoryInfo.InternalEnumerateInfos(String path, String searchPattern, SearchTarget searchTarget, EnumerationOptions options)
   at MediaBrowser.Controller.Providers.DirectoryService.<>c.<GetFileSystemEntries>b__5_0(String p, IFileSystem fileSystem)
   at MediaBrowser.Controller.Providers.DirectoryService.GetFileSystemEntries(String path)
   at MediaBrowser.Controller.IO.FileData.GetFilteredFileSystemEntries(IDirectoryService directoryService, String path, IFileSystem fileSystem, IServerApplicationHost appHost, ILogger logger, ItemResolveArgs args, Int32 flattenFolderDepth, Boolean resolveShortcuts)
   at Emby.Server.Implementations.Library.LibraryManager.ResolvePath(FileSystemMetadata fileInfo, IDirectoryService directoryService, IItemResolver[] resolvers, Folder parent, Nullable`1 collectionType, LibraryOptions libraryOptions)
[2026-02-28 11:58:00.309 +00:00] [ERR] [125] Emby.Server.Implementations.Library.LibraryManager: Error in "PlaylistResolver" resolving "/media/photos"
System.IO.DirectoryNotFoundException: Could not find a part of the path '/media/photos'.
   at System.IO.Enumeration.FileSystemEnumerator`1.Init()
   at System.IO.Enumeration.FileSystemEnumerableFactory.UserFiles(String directory, String expression, EnumerationOptions options)
   at System.IO.Directory.EnumerateFiles(String path, String searchPattern, EnumerationOptions enumerationOptions)
   at Emby.Server.Implementations.Library.Resolvers.PlaylistResolver.Resolve(ItemResolveArgs args)
   at Emby.Server.Implementations.Library.LibraryManager.Resolve(ItemResolveArgs args, IItemResolver resolver)
[2026-02-28 11:58:00.309 +00:00] [ERR] [125] Emby.Server.Implementations.IO.ManagedFileSystem: Failed to enumerate path "/media/photos"
System.IO.DirectoryNotFoundException: Could not find a part of the path '/media/photos'.
   at System.IO.Enumeration.FileSystemEnumerator`1.Init()
   at System.IO.Enumeration.FileSystemEnumerableFactory.UserEntries(String directory, String expression, EnumerationOptions options)
   at System.IO.Directory.EnumerateFileSystemEntries(String path, String searchPattern, EnumerationOptions enumerationOptions)
   at Emby.Server.Implementations.IO.ManagedFileSystem.GetFileSystemEntryPaths(String path, Boolean recursive)
[2026-02-28 11:58:00.309 +00:00] [WRN] [125] MediaBrowser.Controller.Entities.BaseItem: Library folder "/media/photos" is inaccessible or empty, skipping
[2026-02-28 11:58:00.320 +00:00] [WRN] [125] MediaBrowser.Controller.Entities.BaseItem: Library folder "/config/data/playlists" is inaccessible or empty, skipping
[2026-02-28 11:58:00.355 +00:00] [INF] [19] Emby.Server.Implementations.Library.LibraryManager: Removing item, Type: "Movie", Name: "Avatar: Fire and Ash", Path: "/media/Movies/Avatar.Fire.and.Ash.2025.1080p.TS.EN-RGB/Avatar.Fire.and.Ash.2025.1080p.TS.EN-RGB.mp4", Id: a6ee84e3-0797-daa5-e5d7-e8c1f0b22d29
[2026-02-28 11:58:00.706 +00:00] [INF] [125] Emby.Server.Implementations.Library.Validators.GenresValidator: Deleting dead "Genre" "0430d514c35e1f158fa93f1eeb8361ea" "Science Fiction"
[2026-02-28 11:58:00.706 +00:00] [INF] [125] Emby.Server.Implementations.Library.LibraryManager: Removing item, Type: "Genre", Name: "Science Fiction", Path: "/config/metadata/Genre/Science Fiction", Id: 0430d514-c35e-1f15-8fa9-3f1eeb8361ea
[2026-02-28 11:58:00.707 +00:00] [INF] [125] Emby.Server.Implementations.Library.LibraryManager: Deleting item path, Type: "Genre", Name: "Science Fiction", Path: "/config/metadata/Genre/Science Fiction", Id: 0430d514-c35e-1f15-8fa9-3f1eeb8361ea
[2026-02-28 11:58:00.749 +00:00] [INF] [125] Emby.Server.Implementations.Library.Validators.StudiosValidator: Deleting dead "Studio" "8973d6fd261432cfb39b332bb7fe2c68" "20th Century Studios"
[2026-02-28 11:58:00.749 +00:00] [INF] [125] Emby.Server.Implementations.Library.LibraryManager: Removing item, Type: "Studio", Name: "20th Century Studios", Path: "/config/metadata/Studio/20th Century Studios", Id: 8973d6fd-2614-32cf-b39b-332bb7fe2c68
[2026-02-28 11:58:00.749 +00:00] [INF] [125] Emby.Server.Implementations.Library.LibraryManager: Deleting item path, Type: "Studio", Name: "20th Century Studios", Path: "/config/metadata/Studio/20th Century Studios", Id: 8973d6fd-2614-32cf-b39b-332bb7fe2c68
[2026-02-28 11:58:00.772 +00:00] [INF] [125] Emby.Server.Implementations.Library.Validators.StudiosValidator: Deleting dead "Studio" "63702a534cbaf3d8f1e5866e183deccd" "Lightstorm Entertainment"
[2026-02-28 11:58:00.772 +00:00] [INF] [125] Emby.Server.Implementations.Library.LibraryManager: Removing item, Type: "Studio", Name: "Lightstorm Entertainment", Path: "/config/metadata/Studio/Lightstorm Entertainment", Id: 63702a53-4cba-f3d8-f1e5-866e183deccd
[2026-02-28 11:58:00.772 +00:00] [INF] [125] Emby.Server.Implementations.Library.LibraryManager: Deleting item path, Type: "Studio", Name: "Lightstorm Entertainment", Path: "/config/metadata/Studio/Lightstorm Entertainment", Id: 63702a53-4cba-f3d8-f1e5-866e183deccd
[2026-02-28 11:58:00.793 +00:00] [INF] [125] Emby.Server.Implementations.Library.Validators.StudiosValidator: Deleting dead "Studio" "6886a20e885d6e1796232f1b0291b0a4" "TSG Entertainment"
[2026-02-28 11:58:00.793 +00:00] [INF] [125] Emby.Server.Implementations.Library.LibraryManager: Removing item, Type: "Studio", Name: "TSG Entertainment", Path: "/config/metadata/Studio/TSG Entertainment", Id: 6886a20e-885d-6e17-9623-2f1b0291b0a4
[2026-02-28 11:58:00.794 +00:00] [INF] [125] Emby.Server.Implementations.Library.LibraryManager: Deleting item path, Type: "Studio", Name: "TSG Entertainment", Path: "/config/metadata/Studio/TSG Entertainment", Id: 6886a20e-885d-6e17-9623-2f1b0291b0a4
[2026-02-28 11:58:00.818 +00:00] [INF] [125] Emby.Server.Implementations.IO.LibraryMonitor: Skipping realtime monitor for "/media/photos" because the path does not exist
[2026-02-28 11:58:00.818 +00:00] [INF] [125] Emby.Server.Implementations.ScheduledTasks.TaskManager: "Scan Media Library" Completed after 0 minute(s) and 0 seconds
[2026-02-28 11:58:00.949 +00:00] [INF] [19] Emby.Server.Implementations.IO.LibraryMonitor: Watching directory "/media/Movies"
[2026-02-28 12:00:02.190 +00:00] [INF] [28] Emby.Server.Implementations.ScheduledTasks.Tasks.OptimizeDatabaseTask: Optimizing and vacuuming jellyfin.db...
[2026-02-28 12:00:02.469 +00:00] [INF] [28] Jellyfin.Database.Providers.Sqlite.SqliteDatabaseProvider: jellyfin.db optimized successfully!
[2026-02-28 12:00:02.469 +00:00] [INF] [28] Emby.Server.Implementations.ScheduledTasks.TaskManager: "Optimize database" Completed after 0 minute(s) and 0 seconds
[2026-02-28 18:01:03.194 +00:00] [INF] [114] Emby.Server.Implementations.ScheduledTasks.Tasks.OptimizeDatabaseTask: Optimizing and vacuuming jellyfin.db...
[2026-02-28 18:01:03.677 +00:00] [INF] [114] Jellyfin.Database.Providers.Sqlite.SqliteDatabaseProvider: jellyfin.db optimized successfully!
[2026-02-28 18:01:03.678 +00:00] [INF] [114] Emby.Server.Implementations.ScheduledTasks.TaskManager: "Optimize database" Completed after 0 minute(s) and 0 seconds
[2026-02-28 23:59:01.123 +00:00] [INF] [12] Emby.Server.Implementations.IO.LibraryMonitor: Stopping directory watching for path "/media/Movies"
[2026-02-28 23:59:01.123 +00:00] [INF] [12] Emby.Server.Implementations.Library.LibraryManager: Validating media library
[2026-02-28 23:59:01.133 +00:00] [ERR] [12] Emby.Server.Implementations.Library.LibraryManager: Error in GetFilteredFileSystemEntries isPhysicalRoot: False IsVf: False
System.IO.DirectoryNotFoundException: Could not find a part of the path '/media/photos'.
   at System.IO.Enumeration.FileSystemEnumerator`1.Init()
   at System.IO.DirectoryInfo.InternalEnumerateInfos(String path, String searchPattern, SearchTarget searchTarget, EnumerationOptions options)
   at MediaBrowser.Controller.Providers.DirectoryService.<>c.<GetFileSystemEntries>b__5_0(String p, IFileSystem fileSystem)
   at MediaBrowser.Controller.IO.FileData.GetFilteredFileSystemEntries(IDirectoryService directoryService, String path, IFileSystem fileSystem, IServerApplicationHost appHost, ILogger logger, ItemResolveArgs args, Int32 flattenFolderDepth, Boolean resolveShortcuts)
   at Emby.Server.Implementations.Library.LibraryManager.ResolvePath(FileSystemMetadata fileInfo, IDirectoryService directoryService, IItemResolver[] resolvers, Folder parent, Nullable`1 collectionType, LibraryOptions libraryOptions)
[2026-02-28 23:59:01.133 +00:00] [ERR] [12] Emby.Server.Implementations.Library.LibraryManager: Error in "PlaylistResolver" resolving "/media/photos"
System.IO.DirectoryNotFoundException: Could not find a part of the path '/media/photos'.
   at System.IO.Enumeration.FileSystemEnumerator`1.Init()
   at System.IO.Enumeration.FileSystemEnumerableFactory.UserFiles(String directory, String expression, EnumerationOptions options)
   at System.IO.Directory.EnumerateFiles(String path, String searchPattern, EnumerationOptions enumerationOptions)
   at Emby.Server.Implementations.Library.Resolvers.PlaylistResolver.Resolve(ItemResolveArgs args)
   at Emby.Server.Implementations.Library.LibraryManager.Resolve(ItemResolveArgs args, IItemResolver resolver)
[2026-02-28 23:59:01.133 +00:00] [ERR] [12] Emby.Server.Implementations.IO.ManagedFileSystem: Failed to enumerate path "/media/photos"
System.IO.DirectoryNotFoundException: Could not find a part of the path '/media/photos'.
   at System.IO.Enumeration.FileSystemEnumerator`1.Init()
   at System.IO.Enumeration.FileSystemEnumerableFactory.UserEntries(String directory, String expression, EnumerationOptions options)
   at System.IO.Directory.EnumerateFileSystemEntries(String path, String searchPattern, EnumerationOptions enumerationOptions)
   at Emby.Server.Implementations.IO.ManagedFileSystem.GetFileSystemEntryPaths(String path, Boolean recursive)
[2026-02-28 23:59:01.133 +00:00] [WRN] [12] MediaBrowser.Controller.Entities.BaseItem: Library folder "/media/photos" is inaccessible or empty, skipping
[2026-02-28 23:59:01.161 +00:00] [INF] [122] Emby.Server.Implementations.ScheduledTasks.TaskManager: "Media Segment Scan" Completed after 0 minute(s) and 0 seconds
[2026-02-28 23:59:01.229 +00:00] [WRN] [12] MediaBrowser.Controller.Entities.BaseItem: Library folder "/config/data/playlists" is inaccessible or empty, skipping
[2026-02-28 23:59:01.234 +00:00] [ERR] [12] MediaBrowser.Providers.Folders.CollectionFolderMetadataService: Error validating images for "/config/root/default/Home Videos and Photos"
System.IO.DirectoryNotFoundException: Could not find a part of the path '/media/photos'.
   at System.IO.Enumeration.FileSystemEnumerator`1.Init()
   at System.IO.Enumeration.FileSystemEnumerableFactory.FileInfos(String directory, String expression, EnumerationOptions options, Boolean isNormalized)
   at System.IO.DirectoryInfo.InternalEnumerateInfos(String path, String searchPattern, SearchTarget searchTarget, EnumerationOptions options)
   at System.IO.DirectoryInfo.EnumerateFiles(String searchPattern, EnumerationOptions enumerationOptions)
   at Emby.Server.Implementations.IO.ManagedFileSystem.GetFiles(String path, String searchPattern, IReadOnlyList`1 extensions, Boolean enableCaseSensitiveExtensions, Boolean recursive)
   at Emby.Server.Implementations.IO.ManagedFileSystem.GetFiles(String path, IReadOnlyList`1 extensions, Boolean enableCaseSensitiveExtensions, Boolean recursive)
   at MediaBrowser.LocalMetadata.Images.LocalImageProvider.<GetImages>b__15_0(String i)
   at System.Linq.Enumerable.SelectManySingleSelectorIterator`2.ToArray()
   at System.Linq.Enumerable.OrderedIterator`1.ToList()
   at MediaBrowser.LocalMetadata.Images.LocalImageProvider.GetImages(BaseItem item, IEnumerable`1 paths, IDirectoryService directoryService)
   at MediaBrowser.LocalMetadata.Images.CollectionFolderLocalImageProvider.GetImages(BaseItem item, IDirectoryService directoryService)
   at System.Linq.Enumerable.SelectManySingleSelectorIterator`2.ToList()
   at MediaBrowser.Providers.Manager.MetadataService`2.RefreshMetadata(BaseItem item, MetadataRefreshOptions refreshOptions, CancellationToken cancellationToken)
[2026-02-28 23:59:01.239 +00:00] [ERR] [122] MediaBrowser.Providers.Folders.CollectionFolderMetadataService: Error validating images for "/config/root/default/Home Videos and Photos"
System.IO.DirectoryNotFoundException: Could not find a part of the path '/media/photos'.
   at System.IO.Enumeration.FileSystemEnumerator`1.Init()
   at System.IO.Enumeration.FileSystemEnumerableFactory.FileInfos(String directory, String expression, EnumerationOptions options, Boolean isNormalized)
   at System.IO.DirectoryInfo.InternalEnumerateInfos(String path, String searchPattern, SearchTarget searchTarget, EnumerationOptions options)
   at System.IO.DirectoryInfo.EnumerateFiles(String searchPattern, EnumerationOptions enumerationOptions)
   at Emby.Server.Implementations.IO.ManagedFileSystem.GetFiles(String path, String searchPattern, IReadOnlyList`1 extensions, Boolean enableCaseSensitiveExtensions, Boolean recursive)
   at Emby.Server.Implementations.IO.ManagedFileSystem.GetFiles(String path, IReadOnlyList`1 extensions, Boolean enableCaseSensitiveExtensions, Boolean recursive)
   at MediaBrowser.LocalMetadata.Images.LocalImageProvider.<GetImages>b__15_0(String i)
   at System.Linq.Enumerable.SelectManySingleSelectorIterator`2.ToArray()
   at System.Linq.Enumerable.OrderedIterator`1.ToList()
   at MediaBrowser.LocalMetadata.Images.LocalImageProvider.GetImages(BaseItem item, IEnumerable`1 paths, IDirectoryService directoryService)
   at MediaBrowser.LocalMetadata.Images.CollectionFolderLocalImageProvider.GetImages(BaseItem item, IDirectoryService directoryService)
   at System.Linq.Enumerable.SelectManySingleSelectorIterator`2.ToList()
   at MediaBrowser.Providers.Manager.MetadataService`2.RefreshMetadata(BaseItem item, MetadataRefreshOptions refreshOptions, CancellationToken cancellationToken)
[2026-02-28 23:59:01.246 +00:00] [ERR] [122] Emby.Server.Implementations.Library.LibraryManager: Error in GetFilteredFileSystemEntries isPhysicalRoot: False IsVf: False
System.IO.DirectoryNotFoundException: Could not find a part of the path '/media/photos'.
   at System.IO.Enumeration.FileSystemEnumerator`1.Init()
   at System.IO.DirectoryInfo.InternalEnumerateInfos(String path, String searchPattern, SearchTarget searchTarget, EnumerationOptions options)
   at MediaBrowser.Controller.Providers.DirectoryService.<>c.<GetFileSystemEntries>b__5_0(String p, IFileSystem fileSystem)
   at MediaBrowser.Controller.IO.FileData.GetFilteredFileSystemEntries(IDirectoryService directoryService, String path, IFileSystem fileSystem, IServerApplicationHost appHost, ILogger logger, ItemResolveArgs args, Int32 flattenFolderDepth, Boolean resolveShortcuts)
   at Emby.Server.Implementations.Library.LibraryManager.ResolvePath(FileSystemMetadata fileInfo, IDirectoryService directoryService, IItemResolver[] resolvers, Folder parent, Nullable`1 collectionType, LibraryOptions libraryOptions)
[2026-02-28 23:59:01.246 +00:00] [ERR] [122] Emby.Server.Implementations.Library.LibraryManager: Error in "PlaylistResolver" resolving "/media/photos"
System.IO.DirectoryNotFoundException: Could not find a part of the path '/media/photos'.
   at System.IO.Enumeration.FileSystemEnumerator`1.Init()
   at System.IO.Enumeration.FileSystemEnumerableFactory.UserFiles(String directory, String expression, EnumerationOptions options)
   at Emby.Server.Implementations.Library.Resolvers.PlaylistResolver.Resolve(ItemResolveArgs args)
   at Emby.Server.Implementations.Library.LibraryManager.Resolve(ItemResolveArgs args, IItemResolver resolver)
[2026-02-28 23:59:01.246 +00:00] [ERR] [122] Emby.Server.Implementations.IO.ManagedFileSystem: Failed to enumerate path "/media/photos"
System.IO.DirectoryNotFoundException: Could not find a part of the path '/media/photos'.
   at System.IO.Enumeration.FileSystemEnumerator`1.Init()
   at System.IO.Enumeration.FileSystemEnumerableFactory.UserEntries(String directory, String expression, EnumerationOptions options)
   at System.IO.Directory.EnumerateFileSystemEntries(String path, String searchPattern, EnumerationOptions enumerationOptions)
   at Emby.Server.Implementations.IO.ManagedFileSystem.GetFileSystemEntryPaths(String path, Boolean recursive)
[2026-02-28 23:59:01.246 +00:00] [WRN] [122] MediaBrowser.Controller.Entities.BaseItem: Library folder "/media/photos" is inaccessible or empty, skipping
[2026-02-28 23:59:01.257 +00:00] [WRN] [122] MediaBrowser.Controller.Entities.BaseItem: Library folder "/config/data/playlists" is inaccessible or empty, skipping
[2026-02-28 23:59:01.492 +00:00] [INF] [122] Emby.Server.Implementations.IO.LibraryMonitor: Skipping realtime monitor for "/media/photos" because the path does not exist
[2026-02-28 23:59:01.492 +00:00] [INF] [122] Emby.Server.Implementations.ScheduledTasks.TaskManager: "Scan Media Library" Completed after 0 minute(s) and 0 seconds
[2026-02-28 23:59:01.583 +00:00] [INF] [85] Emby.Server.Implementations.IO.LibraryMonitor: Watching directory "/media/Movies"
