[2026-02-26 22:38:08.106 +00:00] [INF] [1] Emby.Server.Implementations.AppBase.BaseConfigurationManager: Setting cache path: "/cache"
[2026-02-26 22:38:08.278 +00:00] [INF] [4] Jellyfin.Server.ServerSetupApp.SetupServer: Kestrel is listening on "0.0.0.0"
[2026-02-26 22:38:08.303 +00:00] [INF] [4] Main: Jellyfin version: "10.11.6"
[2026-02-26 22:38:08.305 +00:00] [INF] [4] Main: Environment Variables: ["[JELLYFIN_DATA_DIR, /config]", "[JELLYFIN_CONFIG_DIR, /config/config]", "[JELLYFIN_LOG_DIR, /config/log]", "[JELLYFIN_FFMPEG, /usr/lib/jellyfin-ffmpeg/ffmpeg]", "[JELLYFIN_WEB_DIR, /jellyfin/jellyfin-web]", "[JELLYFIN_CACHE_DIR, /cache]"]
[2026-02-26 22:38:08.307 +00:00] [INF] [4] Main: Arguments: ["/jellyfin/jellyfin.dll"]
[2026-02-26 22:38:08.307 +00:00] [INF] [4] Main: Operating system: "Debian GNU/Linux 13 (trixie)"
[2026-02-26 22:38:08.307 +00:00] [INF] [4] Main: Architecture: X64
[2026-02-26 22:38:08.308 +00:00] [INF] [4] Main: 64-Bit Process: True
[2026-02-26 22:38:08.308 +00:00] [INF] [4] Main: User Interactive: True
[2026-02-26 22:38:08.308 +00:00] [INF] [4] Main: Processor count: 8
[2026-02-26 22:38:08.308 +00:00] [INF] [4] Main: Program data path: "/config"
[2026-02-26 22:38:08.308 +00:00] [INF] [4] Main: Log directory path: "/config/log"
[2026-02-26 22:38:08.308 +00:00] [INF] [4] Main: Config directory path: "/config/config"
[2026-02-26 22:38:08.308 +00:00] [INF] [4] Main: Cache path: "/cache"
[2026-02-26 22:38:08.308 +00:00] [INF] [4] Main: Temp directory path: "/tmp/jellyfin"
[2026-02-26 22:38:08.308 +00:00] [INF] [4] Main: Web resources path: "/jellyfin/jellyfin-web"
[2026-02-26 22:38:08.308 +00:00] [INF] [4] Main: Application directory: "/jellyfin/"
[2026-02-26 22:38:08.321 +00:00] [INF] [4] Jellyfin.Server.Startup: Storage path `"/config/data"` (Fixed) successfully checked with "855GiB" free which is over the minimum of "2GiB".
[2026-02-26 22:38:08.321 +00:00] [INF] [4] Jellyfin.Server.Startup: Storage path `"/cache"` (Fixed) successfully checked with "855GiB" free which is over the minimum of "2GiB".
[2026-02-26 22:38:08.321 +00:00] [INF] [4] Jellyfin.Server.Startup: Storage path `"/config"` (Fixed) successfully checked with "855GiB" free which is over the minimum of "2GiB".
[2026-02-26 22:38:08.354 +00:00] [INF] [4] Emby.Server.Implementations.AppBase.BaseConfigurationManager: Setting cache path: "/cache"
[2026-02-26 22:38:08.402 +00:00] [INF] [4] Jellyfin.Database.Providers.Sqlite.SqliteDatabaseProvider: SQLite connection string: "Data Source=/config/data/jellyfin.db;Cache=Default;Default Timeout=30;Pooling=True"
[2026-02-26 22:38:08.406 +00:00] [INF] [4] Jellyfin.Database.Providers.Sqlite.SqliteDatabaseProvider: SQLITE connection pragma command set to: 
"PRAGMA locking_mode=NORMAL;
PRAGMA journal_size_limit=134217728;
PRAGMA synchronous=1;
PRAGMA temp_store=2;
"
[2026-02-26 22:38:08.407 +00:00] [INF] [4] Jellyfin.Database.Implementations.Locking.NoLockBehavior: The database locking mode has been set to: NoLock.
[2026-02-26 22:38:08.431 +00:00] [INF] [4] Jellyfin.Server.Migrations.JellyfinMigrationService: Initialise Migration service.
[2026-02-26 22:38:08.431 +00:00] [INF] [4] Jellyfin.Server.Migrations.JellyfinMigrationService: System initialisation detected. Seed data.
[2026-02-26 22:38:09.455 +00:00] [INF] [4] Jellyfin.Server.Migrations.JellyfinMigrationService: Seed migration null-"CleanMusicArtist".
[2026-02-26 22:38:09.458 +00:00] [INF] [4] Jellyfin.Server.Migrations.JellyfinMigrationService: Seed migration ef103419-8451-40d8-9f34-d1a8e93a1679-"CreateUserLoggingConfigFile".
[2026-02-26 22:38:09.460 +00:00] [INF] [4] Jellyfin.Server.Migrations.JellyfinMigrationService: Seed migration 4124c2cd-e939-4ffb-9be9-9b311c413638-"DisableTranscodingThrottling".
[2026-02-26 22:38:09.461 +00:00] [INF] [4] Jellyfin.Server.Migrations.JellyfinMigrationService: Seed migration cf6fabc2-9fbe-4933-84a5-ffe52ef22a58-"FixAudioData".
[2026-02-26 22:38:09.461 +00:00] [INF] [4] Jellyfin.Server.Migrations.JellyfinMigrationService: Seed migration null-"FixDates".
[2026-02-26 22:38:09.461 +00:00] [INF] [4] Jellyfin.Server.Migrations.JellyfinMigrationService: Seed migration 615dfa9e-2497-4dbb-a472-61938b752c5b-"FixPlaylistOwner".
[2026-02-26 22:38:09.461 +00:00] [INF] [4] Jellyfin.Server.Migrations.JellyfinMigrationService: Seed migration 3793eb59-bc8c-456c-8b9f-bd5a62a42978-"MigrateActivityLogDb".
[2026-02-26 22:38:09.461 +00:00] [INF] [4] Jellyfin.Server.Migrations.JellyfinMigrationService: Seed migration 5bd72f41-e6f3-4f60-90aa-09869abe0e22-"MigrateAuthenticationDb".
[2026-02-26 22:38:09.461 +00:00] [INF] [4] Jellyfin.Server.Migrations.JellyfinMigrationService: Seed migration 06387815-c3cc-421f-a888-fb5f9992bea8-"MigrateDisplayPreferencesDb".
[2026-02-26 22:38:09.462 +00:00] [INF] [4] Jellyfin.Server.Migrations.JellyfinMigrationService: Seed migration null-"MigrateKeyframeData".
[2026-02-26 22:38:09.462 +00:00] [INF] [4] Jellyfin.Server.Migrations.JellyfinMigrationService: Seed migration null-"MigrateLibraryDb".
[2026-02-26 22:38:09.462 +00:00] [INF] [4] Jellyfin.Server.Migrations.JellyfinMigrationService: Seed migration null-"MigrateLibraryDbCompatibilityCheck".
[2026-02-26 22:38:09.462 +00:00] [INF] [4] Jellyfin.Server.Migrations.JellyfinMigrationService: Seed migration null-"MigrateLibraryUserData".
[2026-02-26 22:38:09.462 +00:00] [INF] [4] Jellyfin.Server.Migrations.JellyfinMigrationService: Seed migration null-"MigrateRatingLevels".
[2026-02-26 22:38:09.462 +00:00] [INF] [4] Jellyfin.Server.Migrations.JellyfinMigrationService: Seed migration 5c4b82a2-f053-4009-bd05-b6fcad82f14c-"MigrateUserDb".
[2026-02-26 22:38:09.463 +00:00] [INF] [4] Jellyfin.Server.Migrations.JellyfinMigrationService: Seed migration null-"MoveExtractedFiles".
[2026-02-26 22:38:09.463 +00:00] [INF] [4] Jellyfin.Server.Migrations.JellyfinMigrationService: Seed migration null-"RefreshInternalDateModified".
[2026-02-26 22:38:09.463 +00:00] [INF] [4] Jellyfin.Server.Migrations.JellyfinMigrationService: Seed migration a81f75e0-8f43-416f-a5e8-516ccab4d8cc-"RemoveDownloadImagesInAdvance".
[2026-02-26 22:38:09.463 +00:00] [INF] [4] Jellyfin.Server.Migrations.JellyfinMigrationService: Seed migration acbe17b7-8435-4a83-8b64-6fcf162cb9bd-"RemoveDuplicateExtras".
[2026-02-26 22:38:09.463 +00:00] [INF] [4] Jellyfin.Server.Migrations.JellyfinMigrationService: Seed migration 96c156a2-7a13-4b3b-a8b8-fb80c94d20c0-"RemoveDuplicatePlaylistChildren".
[2026-02-26 22:38:09.463 +00:00] [INF] [4] Jellyfin.Server.Migrations.JellyfinMigrationService: Seed migration null-"ReseedFolderFlag".
[2026-02-26 22:38:09.464 +00:00] [INF] [4] Jellyfin.Server.Migrations.JellyfinMigrationService: Seed migration 9b354818-94d5-4b68-ac49-e35cb85f9d84-"CreateNetworkConfiguration".
[2026-02-26 22:38:09.464 +00:00] [INF] [4] Jellyfin.Server.Migrations.JellyfinMigrationService: Seed migration a8e61960-7726-4450-8f3d-82c12daabbcb-"MigrateEncodingOptions".
[2026-02-26 22:38:09.464 +00:00] [INF] [4] Jellyfin.Server.Migrations.JellyfinMigrationService: Seed migration a6dcacf4-c057-4ef9-80d3-61cef9ddb4f0-"MigrateMusicBrainzTimeout".
[2026-02-26 22:38:09.464 +00:00] [INF] [4] Jellyfin.Server.Migrations.JellyfinMigrationService: Seed migration 4fb5c950-1991-11ee-9b4b-0800200c9a66-"MigrateNetworkConfiguration".
[2026-02-26 22:38:09.464 +00:00] [INF] [4] Jellyfin.Server.Migrations.JellyfinMigrationService: Seed migration e73b777d-cd5c-4e71-957a-b86b3660b7cf-"RenameEnableGroupingIntoCollections".
[2026-02-26 22:38:09.469 +00:00] [INF] [4] Jellyfin.Server.Migrations.JellyfinMigrationService: Migration system initialisation completed.
[2026-02-26 22:38:09.475 +00:00] [INF] [4] Jellyfin.Server.Migrations.JellyfinMigrationService: There are 0 migrations for stage PreInitialisation.
[2026-02-26 22:38:09.480 +00:00] [INF] [4] Emby.Server.Implementations.AppBase.BaseConfigurationManager: Setting cache path: "/cache"
[2026-02-26 22:38:09.486 +00:00] [INF] [4] Emby.Server.Implementations.ApplicationHost: Loading assemblies
[2026-02-26 22:38:09.513 +00:00] [INF] [4] Jellyfin.Networking.Manager.NetworkManager: Defined LAN subnets: ["127.0.0.1/8", "10.0.0.0/8", "172.16.0.0/12", "192.168.0.0/16"]
[2026-02-26 22:38:09.513 +00:00] [INF] [4] Jellyfin.Networking.Manager.NetworkManager: Defined LAN exclusions: []
[2026-02-26 22:38:09.514 +00:00] [INF] [4] Jellyfin.Networking.Manager.NetworkManager: Used LAN subnets: ["127.0.0.1/8", "10.0.0.0/8", "172.16.0.0/12", "192.168.0.0/16"]
[2026-02-26 22:38:09.515 +00:00] [INF] [4] Jellyfin.Networking.Manager.NetworkManager: Filtered interface addresses: ["127.0.0.1", "172.23.0.2"]
[2026-02-26 22:38:09.515 +00:00] [INF] [4] Jellyfin.Networking.Manager.NetworkManager: Bind Addresses ["0.0.0.0"]
[2026-02-26 22:38:09.515 +00:00] [INF] [4] Jellyfin.Networking.Manager.NetworkManager: Remote IP filter is "Allowlist"
[2026-02-26 22:38:09.515 +00:00] [INF] [4] Jellyfin.Networking.Manager.NetworkManager: Filtered subnets: []
[2026-02-26 22:38:09.659 +00:00] [INF] [4] Jellyfin.Database.Providers.Sqlite.SqliteDatabaseProvider: SQLite connection string: "Data Source=/config/data/jellyfin.db;Cache=Default;Default Timeout=30;Pooling=True"
[2026-02-26 22:38:09.659 +00:00] [INF] [4] Jellyfin.Database.Providers.Sqlite.SqliteDatabaseProvider: SQLITE connection pragma command set to: 
"PRAGMA locking_mode=NORMAL;
PRAGMA journal_size_limit=134217728;
PRAGMA synchronous=1;
PRAGMA temp_store=2;
"
[2026-02-26 22:38:09.659 +00:00] [INF] [4] Jellyfin.Database.Implementations.Locking.NoLockBehavior: The database locking mode has been set to: NoLock.
[2026-02-26 22:38:09.663 +00:00] [INF] [4] Main: Prepare system for possible migrations
[2026-02-26 22:38:09.689 +00:00] [INF] [4] Main: A migration will attempt to modify the jellyfin.db, will attempt to backup the file now.
[2026-02-26 22:38:09.689 +00:00] [INF] [4] Main: Jellyfin database has been backed up as "20260226103809"
[2026-02-26 22:38:09.692 +00:00] [INF] [4] Jellyfin.Server.Migrations.JellyfinMigrationService: There are 0 migrations for stage CoreInitialisation.
[2026-02-26 22:38:09.694 +00:00] [INF] [4] InternalDatabaseMigration: Perform migration "20200514181226_AddActivityLog"
[2026-02-26 22:38:09.724 +00:00] [INF] [4] InternalDatabaseMigration: Migration "20200514181226_AddActivityLog" was successfully applied
[2026-02-26 22:38:09.724 +00:00] [INF] [4] InternalDatabaseMigration: Perform migration "20200613202153_AddUsers"
[2026-02-26 22:38:09.749 +00:00] [INF] [4] InternalDatabaseMigration: Migration "20200613202153_AddUsers" was successfully applied
[2026-02-26 22:38:09.749 +00:00] [INF] [4] InternalDatabaseMigration: Perform migration "20200728005145_AddDisplayPreferences"
[2026-02-26 22:38:09.771 +00:00] [INF] [4] InternalDatabaseMigration: Migration "20200728005145_AddDisplayPreferences" was successfully applied
[2026-02-26 22:38:09.771 +00:00] [INF] [4] InternalDatabaseMigration: Perform migration "20200905220533_FixDisplayPreferencesIndex"
[2026-02-26 22:38:09.779 +00:00] [INF] [4] InternalDatabaseMigration: Migration "20200905220533_FixDisplayPreferencesIndex" was successfully applied
[2026-02-26 22:38:09.779 +00:00] [INF] [4] InternalDatabaseMigration: Perform migration "20201004171403_AddMaxActiveSessions"
[2026-02-26 22:38:09.791 +00:00] [INF] [4] InternalDatabaseMigration: Migration "20201004171403_AddMaxActiveSessions" was successfully applied
[2026-02-26 22:38:09.791 +00:00] [INF] [4] InternalDatabaseMigration: Perform migration "20201204223655_AddCustomDisplayPreferences"
[2026-02-26 22:38:09.811 +00:00] [INF] [4] InternalDatabaseMigration: Migration "20201204223655_AddCustomDisplayPreferences" was successfully applied
[2026-02-26 22:38:09.811 +00:00] [INF] [4] InternalDatabaseMigration: Perform migration "20210320181425_AddIndexesAndCollations"
[2026-02-26 22:38:09.833 +00:00] [WRN] [4] Microsoft.EntityFrameworkCore.Migrations: An operation of type '"SqlOperation"' will be attempted while a rebuild of table '"ImageInfos"' is pending. The database may not be in an expected state. Review the SQL generated by this migration to help diagnose any failures. Consider moving these operations to a subsequent migration.
[2026-02-26 22:38:09.834 +00:00] [WRN] [4] Microsoft.EntityFrameworkCore.Migrations: An operation of type '"SqlOperation"' will be attempted while a rebuild of table '"ImageInfos"' is pending. The database may not be in an expected state. Review the SQL generated by this migration to help diagnose any failures. Consider moving these operations to a subsequent migration.
[2026-02-26 22:38:09.835 +00:00] [WRN] [4] Microsoft.EntityFrameworkCore.Migrations: An operation of type '"SqlOperation"' will be attempted while a rebuild of table '"Permissions"' is pending. The database may not be in an expected state. Review the SQL generated by this migration to help diagnose any failures. Consider moving these operations to a subsequent migration.
[2026-02-26 22:38:09.835 +00:00] [WRN] [4] Microsoft.EntityFrameworkCore.Migrations: An operation of type '"SqlOperation"' will be attempted while a rebuild of table '"Permissions"' is pending. The database may not be in an expected state. Review the SQL generated by this migration to help diagnose any failures. Consider moving these operations to a subsequent migration.
[2026-02-26 22:38:09.836 +00:00] [WRN] [4] Microsoft.EntityFrameworkCore.Migrations: An operation of type '"SqlOperation"' will be attempted while a rebuild of table '"Preferences"' is pending. The database may not be in an expected state. Review the SQL generated by this migration to help diagnose any failures. Consider moving these operations to a subsequent migration.
[2026-02-26 22:38:09.836 +00:00] [WRN] [4] Microsoft.EntityFrameworkCore.Migrations: An operation of type '"SqlOperation"' will be attempted while a rebuild of table '"Preferences"' is pending. The database may not be in an expected state. Review the SQL generated by this migration to help diagnose any failures. Consider moving these operations to a subsequent migration.
[2026-02-26 22:38:09.837 +00:00] [WRN] [4] Microsoft.EntityFrameworkCore.Migrations: An operation of type '"SqlOperation"' will be attempted while a rebuild of table '"Users"' is pending. The database may not be in an expected state. Review the SQL generated by this migration to help diagnose any failures. Consider moving these operations to a subsequent migration.
[2026-02-26 22:38:09.837 +00:00] [WRN] [4] Microsoft.EntityFrameworkCore.Migrations: An operation of type '"SqlOperation"' will be attempted while a rebuild of table '"Users"' is pending. The database may not be in an expected state. Review the SQL generated by this migration to help diagnose any failures. Consider moving these operations to a subsequent migration.
[2026-02-26 22:38:09.854 +00:00] [INF] [4] InternalDatabaseMigration: Migration "20210320181425_AddIndexesAndCollations" was successfully applied
[2026-02-26 22:38:09.854 +00:00] [INF] [4] InternalDatabaseMigration: Perform migration "20210407110544_NullableCustomPrefValue"
[2026-02-26 22:38:09.870 +00:00] [INF] [4] InternalDatabaseMigration: Migration "20210407110544_NullableCustomPrefValue" was successfully applied
[2026-02-26 22:38:09.870 +00:00] [INF] [4] InternalDatabaseMigration: Perform migration "20210814002109_AddDevices"
[2026-02-26 22:38:09.882 +00:00] [INF] [4] InternalDatabaseMigration: Migration "20210814002109_AddDevices" was successfully applied
[2026-02-26 22:38:09.883 +00:00] [INF] [4] InternalDatabaseMigration: Perform migration "20221022080052_AddIndexActivityLogsDateCreated"
[2026-02-26 22:38:09.892 +00:00] [INF] [4] InternalDatabaseMigration: Migration "20221022080052_AddIndexActivityLogsDateCreated" was successfully applied
[2026-02-26 22:38:09.892 +00:00] [INF] [4] InternalDatabaseMigration: Perform migration "20230526173516_RemoveEasyPassword"
[2026-02-26 22:38:09.910 +00:00] [INF] [4] InternalDatabaseMigration: Migration "20230526173516_RemoveEasyPassword" was successfully applied
[2026-02-26 22:38:09.910 +00:00] [INF] [4] InternalDatabaseMigration: Perform migration "20230626233818_AddTrickplayInfos"
[2026-02-26 22:38:09.921 +00:00] [INF] [4] InternalDatabaseMigration: Migration "20230626233818_AddTrickplayInfos" was successfully applied
[2026-02-26 22:38:09.921 +00:00] [INF] [4] InternalDatabaseMigration: Perform migration "20230923170422_UserCastReceiver"
[2026-02-26 22:38:09.935 +00:00] [INF] [4] InternalDatabaseMigration: Migration "20230923170422_UserCastReceiver" was successfully applied
[2026-02-26 22:38:09.935 +00:00] [INF] [4] InternalDatabaseMigration: Perform migration "20240729140605_AddMediaSegments"
[2026-02-26 22:38:09.946 +00:00] [INF] [4] InternalDatabaseMigration: Migration "20240729140605_AddMediaSegments" was successfully applied
[2026-02-26 22:38:09.946 +00:00] [INF] [4] InternalDatabaseMigration: Perform migration "20240928082930_MarkSegmentProviderIdNonNullable"
[2026-02-26 22:38:09.963 +00:00] [INF] [4] InternalDatabaseMigration: Migration "20240928082930_MarkSegmentProviderIdNonNullable" was successfully applied
[2026-02-26 22:38:09.963 +00:00] [INF] [4] InternalDatabaseMigration: Perform migration "20241020103111_LibraryDbMigration"
[2026-02-26 22:38:10.005 +00:00] [INF] [4] InternalDatabaseMigration: Migration "20241020103111_LibraryDbMigration" was successfully applied
[2026-02-26 22:38:10.006 +00:00] [INF] [4] InternalDatabaseMigration: Perform migration "20241111131257_AddedCustomDataKey"
[2026-02-26 22:38:10.025 +00:00] [INF] [4] InternalDatabaseMigration: Migration "20241111131257_AddedCustomDataKey" was successfully applied
[2026-02-26 22:38:10.025 +00:00] [INF] [4] InternalDatabaseMigration: Perform migration "20241111135439_AddedCustomDataKeyKey"
[2026-02-26 22:38:10.060 +00:00] [INF] [4] InternalDatabaseMigration: Migration "20241111135439_AddedCustomDataKeyKey" was successfully applied
[2026-02-26 22:38:10.060 +00:00] [INF] [4] InternalDatabaseMigration: Perform migration "20241112152323_FixAncestorIdConfig"
[2026-02-26 22:38:10.093 +00:00] [INF] [4] InternalDatabaseMigration: Migration "20241112152323_FixAncestorIdConfig" was successfully applied
[2026-02-26 22:38:10.094 +00:00] [INF] [4] InternalDatabaseMigration: Perform migration "20241112232041_FixMediaStreams"
[2026-02-26 22:38:10.135 +00:00] [INF] [4] InternalDatabaseMigration: Migration "20241112232041_FixMediaStreams" was successfully applied
[2026-02-26 22:38:10.135 +00:00] [INF] [4] InternalDatabaseMigration: Perform migration "20241112234144_FixMediaStreams2"
[2026-02-26 22:38:10.170 +00:00] [INF] [4] InternalDatabaseMigration: Migration "20241112234144_FixMediaStreams2" was successfully applied
[2026-02-26 22:38:10.170 +00:00] [INF] [4] InternalDatabaseMigration: Perform migration "20241113133548_EnforceUniqueItemValue"
[2026-02-26 22:38:10.190 +00:00] [INF] [4] InternalDatabaseMigration: Migration "20241113133548_EnforceUniqueItemValue" was successfully applied
[2026-02-26 22:38:10.190 +00:00] [INF] [4] InternalDatabaseMigration: Perform migration "20250202021306_FixedCollation"
[2026-02-26 22:38:10.225 +00:00] [INF] [4] InternalDatabaseMigration: Migration "20250202021306_FixedCollation" was successfully applied
[2026-02-26 22:38:10.226 +00:00] [INF] [4] InternalDatabaseMigration: Perform migration "20250204092455_MakeStartEndDateNullable"
[2026-02-26 22:38:10.265 +00:00] [INF] [4] InternalDatabaseMigration: Migration "20250204092455_MakeStartEndDateNullable" was successfully applied
[2026-02-26 22:38:10.265 +00:00] [INF] [4] InternalDatabaseMigration: Perform migration "20250214031148_ChannelIdGuid"
[2026-02-26 22:38:10.284 +00:00] [INF] [4] InternalDatabaseMigration: Migration "20250214031148_ChannelIdGuid" was successfully applied
[2026-02-26 22:38:10.284 +00:00] [INF] [4] InternalDatabaseMigration: Perform migration "20250326065026_AddInheritedParentalRatingSubValue"
[2026-02-26 22:38:10.307 +00:00] [INF] [4] InternalDatabaseMigration: Migration "20250326065026_AddInheritedParentalRatingSubValue" was successfully applied
[2026-02-26 22:38:10.307 +00:00] [INF] [4] InternalDatabaseMigration: Perform migration "20250327101120_AddKeyframeData"
[2026-02-26 22:38:10.328 +00:00] [INF] [4] InternalDatabaseMigration: Migration "20250327101120_AddKeyframeData" was successfully applied
[2026-02-26 22:38:10.329 +00:00] [INF] [4] InternalDatabaseMigration: Perform migration "20250327171413_AddHdr10PlusFlag"
[2026-02-26 22:38:10.349 +00:00] [INF] [4] InternalDatabaseMigration: Migration "20250327171413_AddHdr10PlusFlag" was successfully applied
[2026-02-26 22:38:10.349 +00:00] [INF] [4] InternalDatabaseMigration: Perform migration "20250331182844_FixAttachmentMigration"
[2026-02-26 22:38:10.387 +00:00] [INF] [4] InternalDatabaseMigration: Migration "20250331182844_FixAttachmentMigration" was successfully applied
[2026-02-26 22:38:10.387 +00:00] [INF] [4] InternalDatabaseMigration: Perform migration "20250401142247_FixAncestors"
[2026-02-26 22:38:10.406 +00:00] [INF] [4] InternalDatabaseMigration: Migration "20250401142247_FixAncestors" was successfully applied
[2026-02-26 22:38:10.407 +00:00] [INF] [4] InternalDatabaseMigration: Perform migration "20250405075612_FixItemValuesIndices"
[2026-02-26 22:38:10.426 +00:00] [INF] [4] InternalDatabaseMigration: Migration "20250405075612_FixItemValuesIndices" was successfully applied
[2026-02-26 22:38:10.426 +00:00] [INF] [4] InternalDatabaseMigration: Perform migration "20250609115616_DetachUserDataInsteadOfDelete"
[2026-02-26 22:38:10.468 +00:00] [INF] [4] InternalDatabaseMigration: Migration "20250609115616_DetachUserDataInsteadOfDelete" was successfully applied
[2026-02-26 22:38:10.468 +00:00] [INF] [4] InternalDatabaseMigration: Perform migration "20250622170802_BaseItemImageInfoDateModifiedNullable"
[2026-02-26 22:38:10.501 +00:00] [INF] [4] InternalDatabaseMigration: Migration "20250622170802_BaseItemImageInfoDateModifiedNullable" was successfully applied
[2026-02-26 22:38:10.502 +00:00] [INF] [4] InternalDatabaseMigration: Perform migration "20250714044826_ResetJournalMode"
[2026-02-26 22:38:10.523 +00:00] [INF] [4] InternalDatabaseMigration: Migration "20250714044826_ResetJournalMode" was successfully applied
[2026-02-26 22:38:10.523 +00:00] [INF] [4] InternalDatabaseMigration: Perform migration "20250913211637_AddProperParentChildRelationBaseItemWithCascade"
[2026-02-26 22:38:10.562 +00:00] [INF] [4] InternalDatabaseMigration: Migration "20250913211637_AddProperParentChildRelationBaseItemWithCascade" was successfully applied
[2026-02-26 22:38:10.562 +00:00] [INF] [4] InternalDatabaseMigration: Perform migration "20250925203415_ExtendPeopleMapKey"
[2026-02-26 22:38:10.599 +00:00] [INF] [4] InternalDatabaseMigration: Migration "20250925203415_ExtendPeopleMapKey" was successfully applied
[2026-02-26 22:38:10.949 +00:00] [INF] [4] Emby.Server.Implementations.AppBase.BaseConfigurationManager: Saving system configuration
[2026-02-26 22:38:10.950 +00:00] [INF] [4] Emby.Server.Implementations.AppBase.BaseConfigurationManager: Setting cache path: "/cache"
[2026-02-26 22:38:10.953 +00:00] [INF] [4] Emby.Server.Implementations.Plugins.PluginManager: Loaded plugin: "TMDb" "10.11.6.0"
[2026-02-26 22:38:10.953 +00:00] [INF] [4] Emby.Server.Implementations.Plugins.PluginManager: Loaded plugin: "Studio Images" "10.11.6.0"
[2026-02-26 22:38:10.953 +00:00] [INF] [4] Emby.Server.Implementations.Plugins.PluginManager: Loaded plugin: "OMDb" "10.11.6.0"
[2026-02-26 22:38:10.961 +00:00] [INF] [4] Emby.Server.Implementations.Plugins.PluginManager: Loaded plugin: "MusicBrainz" "10.11.6.0"
[2026-02-26 22:38:10.961 +00:00] [INF] [4] Emby.Server.Implementations.Plugins.PluginManager: Loaded plugin: "AudioDB" "10.11.6.0"
[2026-02-26 22:38:10.991 +00:00] [INF] [4] Jellyfin.Server.Migrations.JellyfinMigrationService: There are 5 migrations for stage AppInitialisation.
[2026-02-26 22:38:10.991 +00:00] [INF] [4] InternalCodeMigration: Perform migration "20250420090000_AddDefaultPluginRepository"
[2026-02-26 22:38:10.993 +00:00] [INF] [4] Emby.Server.Implementations.AppBase.BaseConfigurationManager: Saving system configuration
[2026-02-26 22:38:10.994 +00:00] [INF] [4] Emby.Server.Implementations.AppBase.BaseConfigurationManager: Setting cache path: "/cache"
[2026-02-26 22:38:10.994 +00:00] [INF] [4] InternalCodeMigration: Migration "20250420090000_AddDefaultPluginRepository" was successfully applied
[2026-02-26 22:38:10.994 +00:00] [INF] [4] InternalCodeMigration: Perform migration "20250420110000_ReaddDefaultPluginRepository"
[2026-02-26 22:38:10.995 +00:00] [INF] [4] InternalCodeMigration: Migration "20250420110000_ReaddDefaultPluginRepository" was successfully applied
[2026-02-26 22:38:10.995 +00:00] [INF] [4] InternalCodeMigration: Perform migration "20250420160000_AddDefaultCastReceivers"
[2026-02-26 22:38:10.995 +00:00] [INF] [4] Emby.Server.Implementations.AppBase.BaseConfigurationManager: Saving system configuration
[2026-02-26 22:38:10.996 +00:00] [INF] [4] Emby.Server.Implementations.AppBase.BaseConfigurationManager: Setting cache path: "/cache"
[2026-02-26 22:38:10.996 +00:00] [INF] [4] InternalCodeMigration: Migration "20250420160000_AddDefaultCastReceivers" was successfully applied
[2026-02-26 22:38:10.996 +00:00] [INF] [4] InternalCodeMigration: Perform migration "20250420170000_UpdateDefaultPluginRepository"
[2026-02-26 22:38:10.997 +00:00] [INF] [4] Emby.Server.Implementations.AppBase.BaseConfigurationManager: Saving system configuration
[2026-02-26 22:38:10.997 +00:00] [INF] [4] Emby.Server.Implementations.AppBase.BaseConfigurationManager: Setting cache path: "/cache"
[2026-02-26 22:38:10.997 +00:00] [INF] [4] InternalCodeMigration: Migration "20250420170000_UpdateDefaultPluginRepository" was successfully applied
[2026-02-26 22:38:10.997 +00:00] [INF] [4] InternalCodeMigration: Perform migration "20250420230000_MoveTrickplayFiles"
[2026-02-26 22:38:11.174 +00:00] [INF] [4] Jellyfin.Server.Migrations.Routines.MoveTrickplayFiles: Checked: 5000 - Moved: 0 - Time: 00:00:00.1752119
[2026-02-26 22:38:11.175 +00:00] [INF] [4] Jellyfin.Server.Migrations.Routines.MoveTrickplayFiles: Moved 0 items in 00:00:00.1764534
[2026-02-26 22:38:11.175 +00:00] [INF] [4] InternalCodeMigration: Migration "20250420230000_MoveTrickplayFiles" was successfully applied
[2026-02-26 22:38:11.176 +00:00] [INF] [4] Main: Attempt to cleanup JellyfinDb backup.
[2026-02-26 22:38:11.189 +00:00] [WRN] [15] Microsoft.AspNetCore.DataProtection.Repositories.EphemeralXmlRepository: Using an in-memory repository. Keys will not be persisted to storage.
[2026-02-26 22:38:11.189 +00:00] [WRN] [15] Microsoft.AspNetCore.DataProtection.KeyManagement.XmlKeyManager: Neither user profile nor HKLM registry available. Using an ephemeral key repository. Protected data will be unavailable when application exits.
[2026-02-26 22:38:11.202 +00:00] [INF] [15] Main: Kestrel is listening on "0.0.0.0"
[2026-02-26 22:38:11.214 +00:00] [WRN] [9] Microsoft.AspNetCore.DataProtection.KeyManagement.XmlKeyManager: No XML encryptor configured. Key {53d1d4ee-1454-41c6-a4ec-8df400456d8a} may be persisted to storage in unencrypted form.
[2026-02-26 22:38:11.612 +00:00] [WRN] [15] Microsoft.AspNetCore.StaticFiles.StaticFileMiddleware: The WebRootPath was not found: "/wwwroot". Static files may be unavailable.
[2026-02-26 22:38:11.998 +00:00] [INF] [15] Emby.Server.Implementations.ApplicationHost: Running startup tasks
[2026-02-26 22:38:12.006 +00:00] [INF] [15] Emby.Server.Implementations.ScheduledTasks.TaskManager: Daily trigger for "Generate Trickplay Images" set to fire at 2026-02-27 03:00:00.000 +00:00, which is 04:21:47.9932317 from now.
[2026-02-26 22:38:12.008 +00:00] [INF] [15] Emby.Server.Implementations.ScheduledTasks.TaskManager: Daily trigger for "Extract Chapter Images" set to fire at 2026-02-27 02:00:00.000 +00:00, which is 03:21:47.9911356 from now.
[2026-02-26 22:38:12.032 +00:00] [INF] [15] MediaBrowser.MediaEncoding.Encoder.MediaEncoder: Found ffmpeg version "7.1.3"
[2026-02-26 22:38:12.072 +00:00] [INF] [15] MediaBrowser.MediaEncoding.Encoder.MediaEncoder: Available "decoders": ["libdav1d", "av1", "av1_cuvid", "av1_qsv", "h264", "h264_qsv", "h264_cuvid", "hevc", "hevc_qsv", "hevc_cuvid", "mpeg2video", "mpeg2_qsv", "mpeg2_cuvid", "mpeg4", "mpeg4_cuvid", "msmpeg4", "vc1_qsv", "vc1_cuvid", "vp8", "libvpx", "vp8_cuvid", "vp8_qsv", "vp9", "libvpx-vp9", "vp9_cuvid", "vp9_qsv", "aac", "ac3", "ac4", "dca", "flac", "mp3", "truehd"]
[2026-02-26 22:38:12.089 +00:00] [INF] [15] MediaBrowser.MediaEncoding.Encoder.MediaEncoder: Available "encoders": ["libsvtav1", "av1_nvenc", "av1_qsv", "av1_amf", "av1_vaapi", "libx264", "h264_amf", "h264_nvenc", "h264_qsv", "h264_v4l2m2m", "h264_vaapi", "libx265", "hevc_amf", "hevc_nvenc", "hevc_qsv", "hevc_vaapi", "mjpeg_qsv", "mjpeg_vaapi", "aac", "libfdk_aac", "ac3", "alac", "dca", "flac", "libmp3lame", "libopus", "truehd", "libvorbis", "srt"]
[2026-02-26 22:38:12.105 +00:00] [INF] [15] MediaBrowser.MediaEncoding.Encoder.MediaEncoder: Available filters: ["bwdif_cuda", "bwdif_opencl", "deinterlace_qsv", "deinterlace_vaapi", "flip_vulkan", "hwupload_cuda", "hwupload_vaapi", "libplacebo", "overlay_opencl", "overlay_qsv", "overlay_vaapi", "overlay_vulkan", "overlay_cuda", "procamp_vaapi", "scale_cuda", "scale_opencl", "scale_qsv", "scale_vaapi", "scale_vulkan", "tonemapx", "tonemap_cuda", "tonemap_opencl", "tonemap_vaapi", "transpose_cuda", "transpose_opencl", "transpose_vaapi", "transpose_vulkan", "vpp_qsv", "yadif_cuda", "yadif_opencl", "zscale", "alphasrc"]
[2026-02-26 22:38:12.330 +00:00] [INF] [15] MediaBrowser.MediaEncoding.Encoder.MediaEncoder: Available hwaccel types: ["cuda", "vaapi", "qsv", "drm", "opencl", "vulkan"]
[2026-02-26 22:38:14.005 +00:00] [INF] [15] MediaBrowser.MediaEncoding.Encoder.MediaEncoder: FFmpeg: "/usr/lib/jellyfin-ffmpeg/ffmpeg"
[2026-02-26 22:38:14.006 +00:00] [INF] [15] Emby.Server.Implementations.ApplicationHost: ServerId: "f8af00bbd0db4732a02d3170a4b6d1ff"
[2026-02-26 22:38:14.006 +00:00] [INF] [15] Emby.Server.Implementations.ApplicationHost: Core startup complete
[2026-02-26 22:38:14.006 +00:00] [INF] [15] Main: Startup complete 0:00:06.1623614
[2026-02-26 22:38:15.028 +00:00] [INF] [4] Emby.Server.Implementations.ScheduledTasks.TaskManager: "Clean Transcode Directory" Completed after 0 minute(s) and 0 seconds
[2026-02-26 22:38:15.030 +00:00] [INF] [12] Emby.Server.Implementations.ScheduledTasks.TaskManager: "Clean up collections and playlists" Completed after 0 minute(s) and 0 seconds
[2026-02-26 22:38:15.913 +00:00] [INF] [4] Emby.Server.Implementations.ScheduledTasks.TaskManager: "Update Plugins" Completed after 0 minute(s) and 0 seconds
[2026-02-26 22:38:47.135 +00:00] [INF] [1] Emby.Server.Implementations.AppBase.BaseConfigurationManager: Setting cache path: "/cache"
[2026-02-26 22:38:47.301 +00:00] [INF] [7] Jellyfin.Server.ServerSetupApp.SetupServer: Kestrel is listening on "0.0.0.0"
[2026-02-26 22:38:47.326 +00:00] [INF] [7] Main: Jellyfin version: "10.11.6"
[2026-02-26 22:38:47.328 +00:00] [INF] [7] Main: Environment Variables: ["[JELLYFIN_CONFIG_DIR, /config/config]", "[JELLYFIN_DATA_DIR, /config]", "[JELLYFIN_FFMPEG, /usr/lib/jellyfin-ffmpeg/ffmpeg]", "[JELLYFIN_LOG_DIR, /config/log]", "[JELLYFIN_WEB_DIR, /jellyfin/jellyfin-web]", "[JELLYFIN_CACHE_DIR, /cache]"]
[2026-02-26 22:38:47.330 +00:00] [INF] [7] Main: Arguments: ["/jellyfin/jellyfin.dll"]
[2026-02-26 22:38:47.330 +00:00] [INF] [7] Main: Operating system: "Debian GNU/Linux 13 (trixie)"
[2026-02-26 22:38:47.330 +00:00] [INF] [7] Main: Architecture: X64
[2026-02-26 22:38:47.330 +00:00] [INF] [7] Main: 64-Bit Process: True
[2026-02-26 22:38:47.330 +00:00] [INF] [7] Main: User Interactive: True
[2026-02-26 22:38:47.331 +00:00] [INF] [7] Main: Processor count: 8
[2026-02-26 22:38:47.331 +00:00] [INF] [7] Main: Program data path: "/config"
[2026-02-26 22:38:47.331 +00:00] [INF] [7] Main: Log directory path: "/config/log"
[2026-02-26 22:38:47.331 +00:00] [INF] [7] Main: Config directory path: "/config/config"
[2026-02-26 22:38:47.331 +00:00] [INF] [7] Main: Cache path: "/cache"
[2026-02-26 22:38:47.331 +00:00] [INF] [7] Main: Temp directory path: "/tmp/jellyfin"
[2026-02-26 22:38:47.331 +00:00] [INF] [7] Main: Web resources path: "/jellyfin/jellyfin-web"
[2026-02-26 22:38:47.331 +00:00] [INF] [7] Main: Application directory: "/jellyfin/"
[2026-02-26 22:38:47.344 +00:00] [INF] [7] Jellyfin.Server.Startup: Storage path `"/config/data"` (Fixed) successfully checked with "855GiB" free which is over the minimum of "2GiB".
[2026-02-26 22:38:47.344 +00:00] [INF] [7] Jellyfin.Server.Startup: Storage path `"/cache"` (Fixed) successfully checked with "855GiB" free which is over the minimum of "2GiB".
[2026-02-26 22:38:47.344 +00:00] [INF] [7] Jellyfin.Server.Startup: Storage path `"/config"` (Fixed) successfully checked with "855GiB" free which is over the minimum of "2GiB".
[2026-02-26 22:38:47.347 +00:00] [INF] [7] Emby.Server.Implementations.AppBase.BaseConfigurationManager: Setting cache path: "/cache"
[2026-02-26 22:38:47.395 +00:00] [INF] [7] Jellyfin.Database.Providers.Sqlite.SqliteDatabaseProvider: SQLite connection string: "Data Source=/config/data/jellyfin.db;Cache=Default;Default Timeout=30;Pooling=True"
[2026-02-26 22:38:47.399 +00:00] [INF] [7] Jellyfin.Database.Providers.Sqlite.SqliteDatabaseProvider: SQLITE connection pragma command set to: 
"PRAGMA locking_mode=NORMAL;
PRAGMA journal_size_limit=134217728;
PRAGMA synchronous=1;
PRAGMA temp_store=2;
"
[2026-02-26 22:38:47.400 +00:00] [INF] [7] Jellyfin.Database.Implementations.Locking.NoLockBehavior: The database locking mode has been set to: NoLock.
[2026-02-26 22:38:47.423 +00:00] [INF] [7] Jellyfin.Server.Migrations.JellyfinMigrationService: Initialise Migration service.
[2026-02-26 22:38:47.424 +00:00] [INF] [7] Jellyfin.Server.Migrations.JellyfinMigrationService: System initialisation detected. Seed data.
[2026-02-26 22:38:48.268 +00:00] [INF] [7] Jellyfin.Server.Migrations.JellyfinMigrationService: Migration system initialisation completed.
[2026-02-26 22:38:48.274 +00:00] [INF] [7] Jellyfin.Server.Migrations.JellyfinMigrationService: There are 0 migrations for stage PreInitialisation.
[2026-02-26 22:38:48.278 +00:00] [INF] [7] Emby.Server.Implementations.AppBase.BaseConfigurationManager: Setting cache path: "/cache"
[2026-02-26 22:38:48.289 +00:00] [INF] [7] Emby.Server.Implementations.ApplicationHost: Loading assemblies
[2026-02-26 22:38:48.315 +00:00] [INF] [7] Jellyfin.Networking.Manager.NetworkManager: Defined LAN subnets: ["127.0.0.1/8", "10.0.0.0/8", "172.16.0.0/12", "192.168.0.0/16"]
[2026-02-26 22:38:48.315 +00:00] [INF] [7] Jellyfin.Networking.Manager.NetworkManager: Defined LAN exclusions: []
[2026-02-26 22:38:48.316 +00:00] [INF] [7] Jellyfin.Networking.Manager.NetworkManager: Used LAN subnets: ["127.0.0.1/8", "10.0.0.0/8", "172.16.0.0/12", "192.168.0.0/16"]
[2026-02-26 22:38:48.317 +00:00] [INF] [7] Jellyfin.Networking.Manager.NetworkManager: Filtered interface addresses: ["127.0.0.1", "172.24.0.2"]
[2026-02-26 22:38:48.317 +00:00] [INF] [7] Jellyfin.Networking.Manager.NetworkManager: Bind Addresses ["0.0.0.0"]
[2026-02-26 22:38:48.317 +00:00] [INF] [7] Jellyfin.Networking.Manager.NetworkManager: Remote IP filter is "Allowlist"
[2026-02-26 22:38:48.317 +00:00] [INF] [7] Jellyfin.Networking.Manager.NetworkManager: Filtered subnets: []
[2026-02-26 22:38:48.399 +00:00] [INF] [7] Jellyfin.Database.Providers.Sqlite.SqliteDatabaseProvider: SQLite connection string: "Data Source=/config/data/jellyfin.db;Cache=Default;Default Timeout=30;Pooling=True"
[2026-02-26 22:38:48.399 +00:00] [INF] [7] Jellyfin.Database.Providers.Sqlite.SqliteDatabaseProvider: SQLITE connection pragma command set to: 
"PRAGMA locking_mode=NORMAL;
PRAGMA journal_size_limit=134217728;
PRAGMA synchronous=1;
PRAGMA temp_store=2;
"
[2026-02-26 22:38:48.399 +00:00] [INF] [7] Jellyfin.Database.Implementations.Locking.NoLockBehavior: The database locking mode has been set to: NoLock.
[2026-02-26 22:38:48.403 +00:00] [INF] [7] Main: Prepare system for possible migrations
[2026-02-26 22:38:48.433 +00:00] [INF] [7] Jellyfin.Server.Migrations.JellyfinMigrationService: There are 0 migrations for stage CoreInitialisation.
[2026-02-26 22:38:48.782 +00:00] [INF] [7] Emby.Server.Implementations.Plugins.PluginManager: Loaded plugin: "TMDb" "10.11.6.0"
[2026-02-26 22:38:48.783 +00:00] [INF] [7] Emby.Server.Implementations.Plugins.PluginManager: Loaded plugin: "Studio Images" "10.11.6.0"
[2026-02-26 22:38:48.783 +00:00] [INF] [7] Emby.Server.Implementations.Plugins.PluginManager: Loaded plugin: "OMDb" "10.11.6.0"
[2026-02-26 22:38:48.792 +00:00] [INF] [7] Emby.Server.Implementations.Plugins.PluginManager: Loaded plugin: "MusicBrainz" "10.11.6.0"
[2026-02-26 22:38:48.792 +00:00] [INF] [7] Emby.Server.Implementations.Plugins.PluginManager: Loaded plugin: "AudioDB" "10.11.6.0"
[2026-02-26 22:38:48.833 +00:00] [INF] [7] Jellyfin.Server.Migrations.JellyfinMigrationService: There are 0 migrations for stage AppInitialisation.
[2026-02-26 22:38:48.848 +00:00] [WRN] [15] Microsoft.AspNetCore.DataProtection.Repositories.EphemeralXmlRepository: Using an in-memory repository. Keys will not be persisted to storage.
[2026-02-26 22:38:48.849 +00:00] [WRN] [15] Microsoft.AspNetCore.DataProtection.KeyManagement.XmlKeyManager: Neither user profile nor HKLM registry available. Using an ephemeral key repository. Protected data will be unavailable when application exits.
[2026-02-26 22:38:48.866 +00:00] [INF] [15] Main: Kestrel is listening on "0.0.0.0"
[2026-02-26 22:38:48.876 +00:00] [WRN] [9] Microsoft.AspNetCore.DataProtection.KeyManagement.XmlKeyManager: No XML encryptor configured. Key {06ebf071-5489-4e19-9044-1a441a41b5ce} may be persisted to storage in unencrypted form.
[2026-02-26 22:38:49.354 +00:00] [WRN] [15] Microsoft.AspNetCore.StaticFiles.StaticFileMiddleware: The WebRootPath was not found: "/wwwroot". Static files may be unavailable.
[2026-02-26 22:38:49.411 +00:00] [INF] [15] Emby.Server.Implementations.ApplicationHost: Running startup tasks
[2026-02-26 22:38:49.419 +00:00] [INF] [15] Emby.Server.Implementations.ScheduledTasks.TaskManager: Daily trigger for "Generate Trickplay Images" set to fire at 2026-02-27 03:00:00.000 +00:00, which is 04:21:10.5809335 from now.
[2026-02-26 22:38:49.421 +00:00] [INF] [15] Emby.Server.Implementations.ScheduledTasks.TaskManager: Daily trigger for "Extract Chapter Images" set to fire at 2026-02-27 02:00:00.000 +00:00, which is 03:21:10.5783803 from now.
[2026-02-26 22:38:49.450 +00:00] [INF] [15] MediaBrowser.MediaEncoding.Encoder.MediaEncoder: Found ffmpeg version "7.1.3"
[2026-02-26 22:38:49.479 +00:00] [INF] [15] MediaBrowser.MediaEncoding.Encoder.MediaEncoder: Available "decoders": ["libdav1d", "av1", "av1_cuvid", "av1_qsv", "h264", "h264_qsv", "h264_cuvid", "hevc", "hevc_qsv", "hevc_cuvid", "mpeg2video", "mpeg2_qsv", "mpeg2_cuvid", "mpeg4", "mpeg4_cuvid", "msmpeg4", "vc1_qsv", "vc1_cuvid", "vp8", "libvpx", "vp8_cuvid", "vp8_qsv", "vp9", "libvpx-vp9", "vp9_cuvid", "vp9_qsv", "aac", "ac3", "ac4", "dca", "flac", "mp3", "truehd"]
[2026-02-26 22:38:49.495 +00:00] [INF] [15] MediaBrowser.MediaEncoding.Encoder.MediaEncoder: Available "encoders": ["libsvtav1", "av1_nvenc", "av1_qsv", "av1_amf", "av1_vaapi", "libx264", "h264_amf", "h264_nvenc", "h264_qsv", "h264_v4l2m2m", "h264_vaapi", "libx265", "hevc_amf", "hevc_nvenc", "hevc_qsv", "hevc_vaapi", "mjpeg_qsv", "mjpeg_vaapi", "aac", "libfdk_aac", "ac3", "alac", "dca", "flac", "libmp3lame", "libopus", "truehd", "libvorbis", "srt"]
[2026-02-26 22:38:49.513 +00:00] [INF] [15] MediaBrowser.MediaEncoding.Encoder.MediaEncoder: Available filters: ["bwdif_cuda", "bwdif_opencl", "deinterlace_qsv", "deinterlace_vaapi", "flip_vulkan", "hwupload_cuda", "hwupload_vaapi", "libplacebo", "overlay_opencl", "overlay_qsv", "overlay_vaapi", "overlay_vulkan", "overlay_cuda", "procamp_vaapi", "scale_cuda", "scale_opencl", "scale_qsv", "scale_vaapi", "scale_vulkan", "tonemapx", "tonemap_cuda", "tonemap_opencl", "tonemap_vaapi", "transpose_cuda", "transpose_opencl", "transpose_vaapi", "transpose_vulkan", "vpp_qsv", "yadif_cuda", "yadif_opencl", "zscale", "alphasrc"]
[2026-02-26 22:38:49.740 +00:00] [INF] [15] MediaBrowser.MediaEncoding.Encoder.MediaEncoder: Available hwaccel types: ["cuda", "vaapi", "qsv", "drm", "opencl", "vulkan"]
[2026-02-26 22:38:51.389 +00:00] [INF] [15] MediaBrowser.MediaEncoding.Encoder.MediaEncoder: FFmpeg: "/usr/lib/jellyfin-ffmpeg/ffmpeg"
[2026-02-26 22:38:51.390 +00:00] [INF] [15] Emby.Server.Implementations.ApplicationHost: ServerId: "f8af00bbd0db4732a02d3170a4b6d1ff"
[2026-02-26 22:38:51.390 +00:00] [INF] [15] Emby.Server.Implementations.ApplicationHost: Core startup complete
[2026-02-26 22:38:51.390 +00:00] [INF] [15] Main: Startup complete 0:00:04.5369775
[2026-02-26 22:38:52.441 +00:00] [INF] [7] Emby.Server.Implementations.ScheduledTasks.TaskManager: "Clean Transcode Directory" Completed after 0 minute(s) and 0 seconds
[2026-02-26 22:38:52.444 +00:00] [INF] [12] Emby.Server.Implementations.ScheduledTasks.TaskManager: "Clean up collections and playlists" Completed after 0 minute(s) and 0 seconds
[2026-02-26 22:38:53.324 +00:00] [INF] [12] Emby.Server.Implementations.ScheduledTasks.TaskManager: "Update Plugins" Completed after 0 minute(s) and 0 seconds
[2026-02-26 22:39:26.306 +00:00] [INF] [21] Emby.Server.Implementations.AppBase.BaseConfigurationManager: Saving system configuration
[2026-02-26 22:39:26.309 +00:00] [INF] [21] Emby.Server.Implementations.AppBase.BaseConfigurationManager: Setting cache path: "/cache"
[2026-02-26 22:39:26.353 +00:00] [WRN] [22] Jellyfin.Server.Implementations.Users.UserManager: No users, creating one with username "MyJellyfinUser"
[2026-02-26 22:53:01.843 +00:00] [ERR] [63] Jellyfin.Api.Middleware.ExceptionMiddleware: Error processing request: "Could not find a part of the path '/mnt/Movies'". URL "GET" "/Environment/DirectoryContents".
[2026-02-26 22:53:04.980 +00:00] [ERR] [63] Jellyfin.Api.Middleware.ExceptionMiddleware: Error processing request. URL "POST" "/Library/VirtualFolders".
System.ArgumentException: The specified path does not exist: /mnt/Movies.
   at Emby.Server.Implementations.Library.LibraryManager.AddVirtualFolder(String name, Nullable`1 collectionType, LibraryOptions options, Boolean refreshLibrary)
   at Jellyfin.Api.Controllers.LibraryStructureController.AddVirtualFolder(String name, Nullable`1 collectionType, String[] paths, AddVirtualFolderDto libraryOptionsDto, Boolean refreshLibrary)
   at lambda_method1238(Closure, Object)
   at Microsoft.AspNetCore.Mvc.Infrastructure.ActionMethodExecutor.TaskOfActionResultExecutor.Execute(ActionContext actionContext, IActionResultTypeMapper mapper, ObjectMethodExecutor executor, Object controller, Object[] arguments)
   at Microsoft.AspNetCore.Mvc.Infrastructure.ControllerActionInvoker.<InvokeActionMethodAsync>g__Awaited|12_0(ControllerActionInvoker invoker, ValueTask`1 actionResultValueTask)
   at Microsoft.AspNetCore.Mvc.Infrastructure.ControllerActionInvoker.<InvokeNextActionFilterAsync>g__Awaited|10_0(ControllerActionInvoker invoker, Task lastTask, State next, Scope scope, Object state, Boolean isCompleted)
   at Microsoft.AspNetCore.Mvc.Infrastructure.ControllerActionInvoker.Rethrow(ActionExecutedContextSealed context)
   at Microsoft.AspNetCore.Mvc.Infrastructure.ControllerActionInvoker.Next(State& next, Scope& scope, Object& state, Boolean& isCompleted)
   at Microsoft.AspNetCore.Mvc.Infrastructure.ControllerActionInvoker.InvokeInnerFilterAsync()
--- End of stack trace from previous location ---
   at Microsoft.AspNetCore.Mvc.Infrastructure.ResourceInvoker.<InvokeNextResourceFilter>g__Awaited|25_0(ResourceInvoker invoker, Task lastTask, State next, Scope scope, Object state, Boolean isCompleted)
   at Microsoft.AspNetCore.Mvc.Infrastructure.ResourceInvoker.Rethrow(ResourceExecutedContextSealed context)
   at Microsoft.AspNetCore.Mvc.Infrastructure.ResourceInvoker.Next(State& next, Scope& scope, Object& state, Boolean& isCompleted)
   at Microsoft.AspNetCore.Mvc.Infrastructure.ResourceInvoker.InvokeFilterPipelineAsync()
--- End of stack trace from previous location ---
   at Microsoft.AspNetCore.Mvc.Infrastructure.ResourceInvoker.<InvokeAsync>g__Awaited|17_0(ResourceInvoker invoker, Task task, IDisposable scope)
   at Microsoft.AspNetCore.Mvc.Infrastructure.ResourceInvoker.<InvokeAsync>g__Awaited|17_0(ResourceInvoker invoker, Task task, IDisposable scope)
   at Jellyfin.Api.Middleware.ServerStartupMessageMiddleware.Invoke(HttpContext httpContext, IServerApplicationHost serverApplicationHost, ILocalizationManager localizationManager)
   at Jellyfin.Api.Middleware.WebSocketHandlerMiddleware.Invoke(HttpContext httpContext, IWebSocketManager webSocketManager)
   at Jellyfin.Api.Middleware.IPBasedAccessValidationMiddleware.Invoke(HttpContext httpContext, INetworkManager networkManager)
   at Microsoft.AspNetCore.Authorization.AuthorizationMiddleware.Invoke(HttpContext context)
   at Jellyfin.Api.Middleware.QueryStringDecodingMiddleware.Invoke(HttpContext httpContext)
   at Swashbuckle.AspNetCore.ReDoc.ReDocMiddleware.Invoke(HttpContext httpContext)
   at Swashbuckle.AspNetCore.SwaggerUI.SwaggerUIMiddleware.Invoke(HttpContext httpContext)
   at Swashbuckle.AspNetCore.Swagger.SwaggerMiddleware.Invoke(HttpContext httpContext, ISwaggerProvider swaggerProvider)
   at Microsoft.AspNetCore.Authentication.AuthenticationMiddleware.Invoke(HttpContext context)
   at Jellyfin.Api.Middleware.RobotsRedirectionMiddleware.Invoke(HttpContext httpContext)
   at Jellyfin.Api.Middleware.LegacyEmbyRouteRewriteMiddleware.Invoke(HttpContext httpContext)
   at Microsoft.AspNetCore.ResponseCompression.ResponseCompressionMiddleware.InvokeCore(HttpContext context)
   at Jellyfin.Api.Middleware.ResponseTimeMiddleware.Invoke(HttpContext context, IServerConfigurationManager serverConfigurationManager)
   at Jellyfin.Api.Middleware.ExceptionMiddleware.Invoke(HttpContext context)
[2026-02-26 22:55:41.567 +00:00] [INF] [55] Emby.Server.Implementations.Session.SessionManager: Sending shutdown notifications
[2026-02-26 22:55:41.581 +00:00] [INF] [57] Main: Running query planner optimizations in the database... This might take a while
[2026-02-26 22:55:41.930 +00:00] [INF] [57] Emby.Server.Implementations.ApplicationHost: Disposing "CoreAppHost"
[2026-02-26 22:55:41.930 +00:00] [INF] [57] Emby.Server.Implementations.ApplicationHost: Disposing "MusicBrainzArtistProvider"
[2026-02-26 22:55:41.930 +00:00] [INF] [57] Emby.Server.Implementations.ApplicationHost: Disposing "MusicBrainzAlbumProvider"
[2026-02-26 22:55:41.930 +00:00] [INF] [57] Emby.Server.Implementations.ApplicationHost: Disposing "PluginManager"
[2026-02-26 22:55:49.033 +00:00] [INF] [1] Emby.Server.Implementations.AppBase.BaseConfigurationManager: Setting cache path: "/cache"
[2026-02-26 22:55:49.207 +00:00] [INF] [7] Jellyfin.Server.ServerSetupApp.SetupServer: Kestrel is listening on "0.0.0.0"
[2026-02-26 22:55:49.240 +00:00] [INF] [7] Main: Jellyfin version: "10.11.6"
[2026-02-26 22:55:49.242 +00:00] [INF] [7] Main: Environment Variables: ["[JELLYFIN_CACHE_DIR, /cache]", "[JELLYFIN_CONFIG_DIR, /config/config]", "[JELLYFIN_WEB_DIR, /jellyfin/jellyfin-web]", "[JELLYFIN_LOG_DIR, /config/log]", "[JELLYFIN_FFMPEG, /usr/lib/jellyfin-ffmpeg/ffmpeg]", "[JELLYFIN_DATA_DIR, /config]"]
[2026-02-26 22:55:49.244 +00:00] [INF] [7] Main: Arguments: ["/jellyfin/jellyfin.dll"]
[2026-02-26 22:55:49.244 +00:00] [INF] [7] Main: Operating system: "Debian GNU/Linux 13 (trixie)"
[2026-02-26 22:55:49.244 +00:00] [INF] [7] Main: Architecture: X64
[2026-02-26 22:55:49.245 +00:00] [INF] [7] Main: 64-Bit Process: True
[2026-02-26 22:55:49.245 +00:00] [INF] [7] Main: User Interactive: True
[2026-02-26 22:55:49.245 +00:00] [INF] [7] Main: Processor count: 8
[2026-02-26 22:55:49.245 +00:00] [INF] [7] Main: Program data path: "/config"
[2026-02-26 22:55:49.245 +00:00] [INF] [7] Main: Log directory path: "/config/log"
[2026-02-26 22:55:49.245 +00:00] [INF] [7] Main: Config directory path: "/config/config"
[2026-02-26 22:55:49.245 +00:00] [INF] [7] Main: Cache path: "/cache"
[2026-02-26 22:55:49.245 +00:00] [INF] [7] Main: Temp directory path: "/tmp/jellyfin"
[2026-02-26 22:55:49.245 +00:00] [INF] [7] Main: Web resources path: "/jellyfin/jellyfin-web"
[2026-02-26 22:55:49.245 +00:00] [INF] [7] Main: Application directory: "/jellyfin/"
[2026-02-26 22:55:49.257 +00:00] [INF] [7] Jellyfin.Server.Startup: Storage path `"/config/data"` (Fixed) successfully checked with "855GiB" free which is over the minimum of "2GiB".
[2026-02-26 22:55:49.258 +00:00] [INF] [7] Jellyfin.Server.Startup: Storage path `"/cache"` (Fixed) successfully checked with "855GiB" free which is over the minimum of "2GiB".
[2026-02-26 22:55:49.258 +00:00] [INF] [7] Jellyfin.Server.Startup: Storage path `"/config"` (Fixed) successfully checked with "855GiB" free which is over the minimum of "2GiB".
[2026-02-26 22:55:49.260 +00:00] [INF] [7] Emby.Server.Implementations.AppBase.BaseConfigurationManager: Setting cache path: "/cache"
[2026-02-26 22:55:49.308 +00:00] [INF] [7] Jellyfin.Database.Providers.Sqlite.SqliteDatabaseProvider: SQLite connection string: "Data Source=/config/data/jellyfin.db;Cache=Default;Default Timeout=30;Pooling=True"
[2026-02-26 22:55:49.313 +00:00] [INF] [7] Jellyfin.Database.Providers.Sqlite.SqliteDatabaseProvider: SQLITE connection pragma command set to: 
"PRAGMA locking_mode=NORMAL;
PRAGMA journal_size_limit=134217728;
PRAGMA synchronous=1;
PRAGMA temp_store=2;
"
[2026-02-26 22:55:49.313 +00:00] [INF] [7] Jellyfin.Database.Implementations.Locking.NoLockBehavior: The database locking mode has been set to: NoLock.
[2026-02-26 22:55:49.337 +00:00] [INF] [7] Jellyfin.Server.Migrations.JellyfinMigrationService: Initialise Migration service.
[2026-02-26 22:55:49.338 +00:00] [INF] [7] Jellyfin.Server.Migrations.JellyfinMigrationService: System initialisation detected. Seed data.
[2026-02-26 22:55:50.174 +00:00] [INF] [7] Jellyfin.Server.Migrations.JellyfinMigrationService: Migration system initialisation completed.
[2026-02-26 22:55:50.179 +00:00] [INF] [7] Jellyfin.Server.Migrations.JellyfinMigrationService: There are 0 migrations for stage PreInitialisation.
[2026-02-26 22:55:50.184 +00:00] [INF] [7] Emby.Server.Implementations.AppBase.BaseConfigurationManager: Setting cache path: "/cache"
[2026-02-26 22:55:50.197 +00:00] [INF] [7] Emby.Server.Implementations.ApplicationHost: Loading assemblies
[2026-02-26 22:55:50.223 +00:00] [INF] [7] Jellyfin.Networking.Manager.NetworkManager: Defined LAN subnets: ["127.0.0.1/8", "10.0.0.0/8", "172.16.0.0/12", "192.168.0.0/16"]
[2026-02-26 22:55:50.223 +00:00] [INF] [7] Jellyfin.Networking.Manager.NetworkManager: Defined LAN exclusions: []
[2026-02-26 22:55:50.224 +00:00] [INF] [7] Jellyfin.Networking.Manager.NetworkManager: Used LAN subnets: ["127.0.0.1/8", "10.0.0.0/8", "172.16.0.0/12", "192.168.0.0/16"]
[2026-02-26 22:55:50.225 +00:00] [INF] [7] Jellyfin.Networking.Manager.NetworkManager: Filtered interface addresses: ["127.0.0.1", "172.25.0.2"]
[2026-02-26 22:55:50.225 +00:00] [INF] [7] Jellyfin.Networking.Manager.NetworkManager: Bind Addresses ["0.0.0.0"]
[2026-02-26 22:55:50.225 +00:00] [INF] [7] Jellyfin.Networking.Manager.NetworkManager: Remote IP filter is "Allowlist"
[2026-02-26 22:55:50.225 +00:00] [INF] [7] Jellyfin.Networking.Manager.NetworkManager: Filtered subnets: []
[2026-02-26 22:55:50.307 +00:00] [INF] [7] Jellyfin.Database.Providers.Sqlite.SqliteDatabaseProvider: SQLite connection string: "Data Source=/config/data/jellyfin.db;Cache=Default;Default Timeout=30;Pooling=True"
[2026-02-26 22:55:50.307 +00:00] [INF] [7] Jellyfin.Database.Providers.Sqlite.SqliteDatabaseProvider: SQLITE connection pragma command set to: 
"PRAGMA locking_mode=NORMAL;
PRAGMA journal_size_limit=134217728;
PRAGMA synchronous=1;
PRAGMA temp_store=2;
"
[2026-02-26 22:55:50.307 +00:00] [INF] [7] Jellyfin.Database.Implementations.Locking.NoLockBehavior: The database locking mode has been set to: NoLock.
[2026-02-26 22:55:50.312 +00:00] [INF] [7] Main: Prepare system for possible migrations
[2026-02-26 22:55:50.341 +00:00] [INF] [7] Jellyfin.Server.Migrations.JellyfinMigrationService: There are 0 migrations for stage CoreInitialisation.
[2026-02-26 22:55:50.786 +00:00] [INF] [7] Emby.Server.Implementations.Plugins.PluginManager: Loaded plugin: "TMDb" "10.11.6.0"
[2026-02-26 22:55:50.786 +00:00] [INF] [7] Emby.Server.Implementations.Plugins.PluginManager: Loaded plugin: "Studio Images" "10.11.6.0"
[2026-02-26 22:55:50.787 +00:00] [INF] [7] Emby.Server.Implementations.Plugins.PluginManager: Loaded plugin: "OMDb" "10.11.6.0"
[2026-02-26 22:55:50.797 +00:00] [INF] [7] Emby.Server.Implementations.Plugins.PluginManager: Loaded plugin: "MusicBrainz" "10.11.6.0"
[2026-02-26 22:55:50.797 +00:00] [INF] [7] Emby.Server.Implementations.Plugins.PluginManager: Loaded plugin: "AudioDB" "10.11.6.0"
[2026-02-26 22:55:50.833 +00:00] [INF] [7] Jellyfin.Server.Migrations.JellyfinMigrationService: There are 0 migrations for stage AppInitialisation.
[2026-02-26 22:55:50.848 +00:00] [WRN] [9] Microsoft.AspNetCore.DataProtection.Repositories.EphemeralXmlRepository: Using an in-memory repository. Keys will not be persisted to storage.
[2026-02-26 22:55:50.849 +00:00] [WRN] [9] Microsoft.AspNetCore.DataProtection.KeyManagement.XmlKeyManager: Neither user profile nor HKLM registry available. Using an ephemeral key repository. Protected data will be unavailable when application exits.
[2026-02-26 22:55:50.867 +00:00] [INF] [9] Main: Kestrel is listening on "0.0.0.0"
[2026-02-26 22:55:50.876 +00:00] [WRN] [15] Microsoft.AspNetCore.DataProtection.KeyManagement.XmlKeyManager: No XML encryptor configured. Key {c66df1cf-37a2-44f7-a8b1-c21bc5cd11c0} may be persisted to storage in unencrypted form.
[2026-02-26 22:55:51.348 +00:00] [WRN] [9] Microsoft.AspNetCore.StaticFiles.StaticFileMiddleware: The WebRootPath was not found: "/wwwroot". Static files may be unavailable.
[2026-02-26 22:55:51.412 +00:00] [INF] [9] Emby.Server.Implementations.ApplicationHost: Running startup tasks
[2026-02-26 22:55:51.420 +00:00] [INF] [9] Emby.Server.Implementations.ScheduledTasks.TaskManager: Daily trigger for "Generate Trickplay Images" set to fire at 2026-02-27 03:00:00.000 +00:00, which is 04:04:08.5796790 from now.
[2026-02-26 22:55:51.423 +00:00] [INF] [9] Emby.Server.Implementations.ScheduledTasks.TaskManager: Daily trigger for "Extract Chapter Images" set to fire at 2026-02-27 02:00:00.000 +00:00, which is 03:04:08.5768262 from now.
[2026-02-26 22:55:51.453 +00:00] [INF] [9] MediaBrowser.MediaEncoding.Encoder.MediaEncoder: Found ffmpeg version "7.1.3"
[2026-02-26 22:55:51.482 +00:00] [INF] [9] MediaBrowser.MediaEncoding.Encoder.MediaEncoder: Available "decoders": ["libdav1d", "av1", "av1_cuvid", "av1_qsv", "h264", "h264_qsv", "h264_cuvid", "hevc", "hevc_qsv", "hevc_cuvid", "mpeg2video", "mpeg2_qsv", "mpeg2_cuvid", "mpeg4", "mpeg4_cuvid", "msmpeg4", "vc1_qsv", "vc1_cuvid", "vp8", "libvpx", "vp8_cuvid", "vp8_qsv", "vp9", "libvpx-vp9", "vp9_cuvid", "vp9_qsv", "aac", "ac3", "ac4", "dca", "flac", "mp3", "truehd"]
[2026-02-26 22:55:51.499 +00:00] [INF] [9] MediaBrowser.MediaEncoding.Encoder.MediaEncoder: Available "encoders": ["libsvtav1", "av1_nvenc", "av1_qsv", "av1_amf", "av1_vaapi", "libx264", "h264_amf", "h264_nvenc", "h264_qsv", "h264_v4l2m2m", "h264_vaapi", "libx265", "hevc_amf", "hevc_nvenc", "hevc_qsv", "hevc_vaapi", "mjpeg_qsv", "mjpeg_vaapi", "aac", "libfdk_aac", "ac3", "alac", "dca", "flac", "libmp3lame", "libopus", "truehd", "libvorbis", "srt"]
[2026-02-26 22:55:51.516 +00:00] [INF] [9] MediaBrowser.MediaEncoding.Encoder.MediaEncoder: Available filters: ["bwdif_cuda", "bwdif_opencl", "deinterlace_qsv", "deinterlace_vaapi", "flip_vulkan", "hwupload_cuda", "hwupload_vaapi", "libplacebo", "overlay_opencl", "overlay_qsv", "overlay_vaapi", "overlay_vulkan", "overlay_cuda", "procamp_vaapi", "scale_cuda", "scale_opencl", "scale_qsv", "scale_vaapi", "scale_vulkan", "tonemapx", "tonemap_cuda", "tonemap_opencl", "tonemap_vaapi", "transpose_cuda", "transpose_opencl", "transpose_vaapi", "transpose_vulkan", "vpp_qsv", "yadif_cuda", "yadif_opencl", "zscale", "alphasrc"]
[2026-02-26 22:55:51.738 +00:00] [INF] [9] MediaBrowser.MediaEncoding.Encoder.MediaEncoder: Available hwaccel types: ["cuda", "vaapi", "qsv", "drm", "opencl", "vulkan"]
[2026-02-26 22:55:53.400 +00:00] [INF] [9] MediaBrowser.MediaEncoding.Encoder.MediaEncoder: FFmpeg: "/usr/lib/jellyfin-ffmpeg/ffmpeg"
[2026-02-26 22:55:53.401 +00:00] [INF] [9] Emby.Server.Implementations.ApplicationHost: ServerId: "f8af00bbd0db4732a02d3170a4b6d1ff"
[2026-02-26 22:55:53.401 +00:00] [INF] [9] Emby.Server.Implementations.ApplicationHost: Core startup complete
[2026-02-26 22:55:53.401 +00:00] [INF] [9] Main: Startup complete 0:00:04.6481029
[2026-02-26 22:55:54.444 +00:00] [INF] [15] Emby.Server.Implementations.ScheduledTasks.TaskManager: "Clean Transcode Directory" Completed after 0 minute(s) and 0 seconds
[2026-02-26 22:55:54.447 +00:00] [INF] [12] Emby.Server.Implementations.ScheduledTasks.TaskManager: "Clean up collections and playlists" Completed after 0 minute(s) and 0 seconds
[2026-02-26 22:55:55.358 +00:00] [INF] [12] Emby.Server.Implementations.ScheduledTasks.TaskManager: "Update Plugins" Completed after 0 minute(s) and 0 seconds
[2026-02-26 22:56:31.358 +00:00] [WRN] [9] MediaBrowser.Controller.Entities.BaseItem: Library folder "/mnt" is inaccessible or empty, skipping
[2026-02-26 22:56:31.361 +00:00] [WRN] [9] MediaBrowser.Controller.Entities.BaseItem: Library folder "/config/data/playlists" is inaccessible or empty, skipping
[2026-02-26 22:56:45.267 +00:00] [ERR] [7] Jellyfin.Api.Middleware.ExceptionMiddleware: Error processing request: "Could not find a part of the path '/mnt/Movies'". URL "GET" "/Environment/DirectoryContents".
[2026-02-26 22:56:52.693 +00:00] [ERR] [12] Jellyfin.Api.Middleware.ExceptionMiddleware: Error processing request: "The path does not exist". URL "POST" "/Library/VirtualFolders/Paths".
[2026-02-26 22:58:10.102 +00:00] [INF] [21] Emby.Server.Implementations.Session.SessionManager: Sending shutdown notifications
[2026-02-26 22:58:10.111 +00:00] [INF] [26] Main: Running query planner optimizations in the database... This might take a while
[2026-02-26 22:58:10.167 +00:00] [INF] [26] Emby.Server.Implementations.ApplicationHost: Disposing "CoreAppHost"
[2026-02-26 22:58:10.167 +00:00] [INF] [26] Emby.Server.Implementations.ApplicationHost: Disposing "MusicBrainzArtistProvider"
[2026-02-26 22:58:10.167 +00:00] [INF] [26] Emby.Server.Implementations.ApplicationHost: Disposing "MusicBrainzAlbumProvider"
[2026-02-26 22:58:10.167 +00:00] [INF] [26] Emby.Server.Implementations.ApplicationHost: Disposing "PluginManager"
[2026-02-26 22:58:18.692 +00:00] [INF] [1] Emby.Server.Implementations.AppBase.BaseConfigurationManager: Setting cache path: "/cache"
[2026-02-26 22:58:18.857 +00:00] [INF] [7] Jellyfin.Server.ServerSetupApp.SetupServer: Kestrel is listening on "0.0.0.0"
[2026-02-26 22:58:18.881 +00:00] [INF] [7] Main: Jellyfin version: "10.11.6"
[2026-02-26 22:58:18.884 +00:00] [INF] [7] Main: Environment Variables: ["[JELLYFIN_FFMPEG, /usr/lib/jellyfin-ffmpeg/ffmpeg]", "[JELLYFIN_DATA_DIR, /config]", "[JELLYFIN_WEB_DIR, /jellyfin/jellyfin-web]", "[JELLYFIN_LOG_DIR, /config/log]", "[JELLYFIN_CONFIG_DIR, /config/config]", "[JELLYFIN_CACHE_DIR, /cache]"]
[2026-02-26 22:58:18.885 +00:00] [INF] [7] Main: Arguments: ["/jellyfin/jellyfin.dll"]
[2026-02-26 22:58:18.886 +00:00] [INF] [7] Main: Operating system: "Debian GNU/Linux 13 (trixie)"
[2026-02-26 22:58:18.886 +00:00] [INF] [7] Main: Architecture: X64
[2026-02-26 22:58:18.886 +00:00] [INF] [7] Main: 64-Bit Process: True
[2026-02-26 22:58:18.886 +00:00] [INF] [7] Main: User Interactive: True
[2026-02-26 22:58:18.886 +00:00] [INF] [7] Main: Processor count: 8
[2026-02-26 22:58:18.886 +00:00] [INF] [7] Main: Program data path: "/config"
[2026-02-26 22:58:18.887 +00:00] [INF] [7] Main: Log directory path: "/config/log"
[2026-02-26 22:58:18.887 +00:00] [INF] [7] Main: Config directory path: "/config/config"
[2026-02-26 22:58:18.887 +00:00] [INF] [7] Main: Cache path: "/cache"
[2026-02-26 22:58:18.887 +00:00] [INF] [7] Main: Temp directory path: "/tmp/jellyfin"
[2026-02-26 22:58:18.887 +00:00] [INF] [7] Main: Web resources path: "/jellyfin/jellyfin-web"
[2026-02-26 22:58:18.887 +00:00] [INF] [7] Main: Application directory: "/jellyfin/"
[2026-02-26 22:58:18.900 +00:00] [INF] [7] Jellyfin.Server.Startup: Storage path `"/config/data"` (Fixed) successfully checked with "855GiB" free which is over the minimum of "2GiB".
[2026-02-26 22:58:18.900 +00:00] [INF] [7] Jellyfin.Server.Startup: Storage path `"/cache"` (Fixed) successfully checked with "855GiB" free which is over the minimum of "2GiB".
[2026-02-26 22:58:18.900 +00:00] [INF] [7] Jellyfin.Server.Startup: Storage path `"/config"` (Fixed) successfully checked with "855GiB" free which is over the minimum of "2GiB".
[2026-02-26 22:58:18.904 +00:00] [INF] [7] Emby.Server.Implementations.AppBase.BaseConfigurationManager: Setting cache path: "/cache"
[2026-02-26 22:58:18.952 +00:00] [INF] [7] Jellyfin.Database.Providers.Sqlite.SqliteDatabaseProvider: SQLite connection string: "Data Source=/config/data/jellyfin.db;Cache=Default;Default Timeout=30;Pooling=True"
[2026-02-26 22:58:18.956 +00:00] [INF] [7] Jellyfin.Database.Providers.Sqlite.SqliteDatabaseProvider: SQLITE connection pragma command set to: 
"PRAGMA locking_mode=NORMAL;
PRAGMA journal_size_limit=134217728;
PRAGMA synchronous=1;
PRAGMA temp_store=2;
"
[2026-02-26 22:58:18.957 +00:00] [INF] [7] Jellyfin.Database.Implementations.Locking.NoLockBehavior: The database locking mode has been set to: NoLock.
[2026-02-26 22:58:18.981 +00:00] [INF] [7] Jellyfin.Server.Migrations.JellyfinMigrationService: Initialise Migration service.
[2026-02-26 22:58:18.982 +00:00] [INF] [7] Jellyfin.Server.Migrations.JellyfinMigrationService: System initialisation detected. Seed data.
[2026-02-26 22:58:19.813 +00:00] [INF] [7] Jellyfin.Server.Migrations.JellyfinMigrationService: Migration system initialisation completed.
[2026-02-26 22:58:19.818 +00:00] [INF] [7] Jellyfin.Server.Migrations.JellyfinMigrationService: There are 0 migrations for stage PreInitialisation.
[2026-02-26 22:58:19.823 +00:00] [INF] [7] Emby.Server.Implementations.AppBase.BaseConfigurationManager: Setting cache path: "/cache"
[2026-02-26 22:58:19.834 +00:00] [INF] [7] Emby.Server.Implementations.ApplicationHost: Loading assemblies
[2026-02-26 22:58:19.860 +00:00] [INF] [7] Jellyfin.Networking.Manager.NetworkManager: Defined LAN subnets: ["127.0.0.1/8", "10.0.0.0/8", "172.16.0.0/12", "192.168.0.0/16"]
[2026-02-26 22:58:19.860 +00:00] [INF] [7] Jellyfin.Networking.Manager.NetworkManager: Defined LAN exclusions: []
[2026-02-26 22:58:19.861 +00:00] [INF] [7] Jellyfin.Networking.Manager.NetworkManager: Used LAN subnets: ["127.0.0.1/8", "10.0.0.0/8", "172.16.0.0/12", "192.168.0.0/16"]
[2026-02-26 22:58:19.862 +00:00] [INF] [7] Jellyfin.Networking.Manager.NetworkManager: Filtered interface addresses: ["127.0.0.1", "172.25.0.2"]
[2026-02-26 22:58:19.862 +00:00] [INF] [7] Jellyfin.Networking.Manager.NetworkManager: Bind Addresses ["0.0.0.0"]
[2026-02-26 22:58:19.862 +00:00] [INF] [7] Jellyfin.Networking.Manager.NetworkManager: Remote IP filter is "Allowlist"
[2026-02-26 22:58:19.862 +00:00] [INF] [7] Jellyfin.Networking.Manager.NetworkManager: Filtered subnets: []
[2026-02-26 22:58:19.944 +00:00] [INF] [7] Jellyfin.Database.Providers.Sqlite.SqliteDatabaseProvider: SQLite connection string: "Data Source=/config/data/jellyfin.db;Cache=Default;Default Timeout=30;Pooling=True"
[2026-02-26 22:58:19.944 +00:00] [INF] [7] Jellyfin.Database.Providers.Sqlite.SqliteDatabaseProvider: SQLITE connection pragma command set to: 
"PRAGMA locking_mode=NORMAL;
PRAGMA journal_size_limit=134217728;
PRAGMA synchronous=1;
PRAGMA temp_store=2;
"
[2026-02-26 22:58:19.945 +00:00] [INF] [7] Jellyfin.Database.Implementations.Locking.NoLockBehavior: The database locking mode has been set to: NoLock.
[2026-02-26 22:58:19.949 +00:00] [INF] [7] Main: Prepare system for possible migrations
[2026-02-26 22:58:19.978 +00:00] [INF] [7] Jellyfin.Server.Migrations.JellyfinMigrationService: There are 0 migrations for stage CoreInitialisation.
[2026-02-26 22:58:20.431 +00:00] [INF] [7] Emby.Server.Implementations.Plugins.PluginManager: Loaded plugin: "TMDb" "10.11.6.0"
[2026-02-26 22:58:20.432 +00:00] [INF] [7] Emby.Server.Implementations.Plugins.PluginManager: Loaded plugin: "Studio Images" "10.11.6.0"
[2026-02-26 22:58:20.432 +00:00] [INF] [7] Emby.Server.Implementations.Plugins.PluginManager: Loaded plugin: "OMDb" "10.11.6.0"
[2026-02-26 22:58:20.442 +00:00] [INF] [7] Emby.Server.Implementations.Plugins.PluginManager: Loaded plugin: "MusicBrainz" "10.11.6.0"
[2026-02-26 22:58:20.443 +00:00] [INF] [7] Emby.Server.Implementations.Plugins.PluginManager: Loaded plugin: "AudioDB" "10.11.6.0"
[2026-02-26 22:58:20.478 +00:00] [INF] [7] Jellyfin.Server.Migrations.JellyfinMigrationService: There are 0 migrations for stage AppInitialisation.
[2026-02-26 22:58:20.494 +00:00] [WRN] [12] Microsoft.AspNetCore.DataProtection.Repositories.EphemeralXmlRepository: Using an in-memory repository. Keys will not be persisted to storage.
[2026-02-26 22:58:20.494 +00:00] [WRN] [12] Microsoft.AspNetCore.DataProtection.KeyManagement.XmlKeyManager: Neither user profile nor HKLM registry available. Using an ephemeral key repository. Protected data will be unavailable when application exits.
[2026-02-26 22:58:20.513 +00:00] [INF] [12] Main: Kestrel is listening on "0.0.0.0"
[2026-02-26 22:58:20.525 +00:00] [WRN] [7] Microsoft.AspNetCore.DataProtection.KeyManagement.XmlKeyManager: No XML encryptor configured. Key {ea36ec6a-4dd9-481e-84f6-c784ef8df952} may be persisted to storage in unencrypted form.
[2026-02-26 22:58:21.066 +00:00] [WRN] [12] Microsoft.AspNetCore.StaticFiles.StaticFileMiddleware: The WebRootPath was not found: "/wwwroot". Static files may be unavailable.
[2026-02-26 22:58:21.086 +00:00] [INF] [12] Emby.Server.Implementations.ApplicationHost: Running startup tasks
[2026-02-26 22:58:21.095 +00:00] [INF] [12] Emby.Server.Implementations.ScheduledTasks.TaskManager: Daily trigger for "Generate Trickplay Images" set to fire at 2026-02-27 03:00:00.000 +00:00, which is 04:01:38.9049147 from now.
[2026-02-26 22:58:21.097 +00:00] [INF] [12] Emby.Server.Implementations.ScheduledTasks.TaskManager: Daily trigger for "Extract Chapter Images" set to fire at 2026-02-27 02:00:00.000 +00:00, which is 03:01:38.9020947 from now.
[2026-02-26 22:58:21.127 +00:00] [INF] [12] MediaBrowser.MediaEncoding.Encoder.MediaEncoder: Found ffmpeg version "7.1.3"
[2026-02-26 22:58:21.155 +00:00] [INF] [12] MediaBrowser.MediaEncoding.Encoder.MediaEncoder: Available "decoders": ["libdav1d", "av1", "av1_cuvid", "av1_qsv", "h264", "h264_qsv", "h264_cuvid", "hevc", "hevc_qsv", "hevc_cuvid", "mpeg2video", "mpeg2_qsv", "mpeg2_cuvid", "mpeg4", "mpeg4_cuvid", "msmpeg4", "vc1_qsv", "vc1_cuvid", "vp8", "libvpx", "vp8_cuvid", "vp8_qsv", "vp9", "libvpx-vp9", "vp9_cuvid", "vp9_qsv", "aac", "ac3", "ac4", "dca", "flac", "mp3", "truehd"]
[2026-02-26 22:58:21.172 +00:00] [INF] [12] MediaBrowser.MediaEncoding.Encoder.MediaEncoder: Available "encoders": ["libsvtav1", "av1_nvenc", "av1_qsv", "av1_amf", "av1_vaapi", "libx264", "h264_amf", "h264_nvenc", "h264_qsv", "h264_v4l2m2m", "h264_vaapi", "libx265", "hevc_amf", "hevc_nvenc", "hevc_qsv", "hevc_vaapi", "mjpeg_qsv", "mjpeg_vaapi", "aac", "libfdk_aac", "ac3", "alac", "dca", "flac", "libmp3lame", "libopus", "truehd", "libvorbis", "srt"]
[2026-02-26 22:58:21.189 +00:00] [INF] [12] MediaBrowser.MediaEncoding.Encoder.MediaEncoder: Available filters: ["bwdif_cuda", "bwdif_opencl", "deinterlace_qsv", "deinterlace_vaapi", "flip_vulkan", "hwupload_cuda", "hwupload_vaapi", "libplacebo", "overlay_opencl", "overlay_qsv", "overlay_vaapi", "overlay_vulkan", "overlay_cuda", "procamp_vaapi", "scale_cuda", "scale_opencl", "scale_qsv", "scale_vaapi", "scale_vulkan", "tonemapx", "tonemap_cuda", "tonemap_opencl", "tonemap_vaapi", "transpose_cuda", "transpose_opencl", "transpose_vaapi", "transpose_vulkan", "vpp_qsv", "yadif_cuda", "yadif_opencl", "zscale", "alphasrc"]
[2026-02-26 22:58:21.414 +00:00] [INF] [12] MediaBrowser.MediaEncoding.Encoder.MediaEncoder: Available hwaccel types: ["cuda", "vaapi", "qsv", "drm", "opencl", "vulkan"]
[2026-02-26 22:58:23.082 +00:00] [INF] [12] MediaBrowser.MediaEncoding.Encoder.MediaEncoder: FFmpeg: "/usr/lib/jellyfin-ffmpeg/ffmpeg"
[2026-02-26 22:58:23.082 +00:00] [INF] [12] Emby.Server.Implementations.ApplicationHost: ServerId: "f8af00bbd0db4732a02d3170a4b6d1ff"
[2026-02-26 22:58:23.082 +00:00] [INF] [12] Emby.Server.Implementations.ApplicationHost: Core startup complete
[2026-02-26 22:58:23.082 +00:00] [INF] [12] Main: Startup complete 0:00:04.6488097
[2026-02-26 22:58:24.119 +00:00] [INF] [15] Emby.Server.Implementations.ScheduledTasks.TaskManager: "Clean Transcode Directory" Completed after 0 minute(s) and 0 seconds
[2026-02-26 22:58:24.122 +00:00] [INF] [9] Emby.Server.Implementations.ScheduledTasks.TaskManager: "Clean up collections and playlists" Completed after 0 minute(s) and 0 seconds
[2026-02-26 22:58:25.168 +00:00] [INF] [12] Emby.Server.Implementations.ScheduledTasks.TaskManager: "Update Plugins" Completed after 0 minute(s) and 1 seconds
[2026-02-26 22:59:01.023 +00:00] [WRN] [12] MediaBrowser.Controller.Entities.BaseItem: Library folder "/config/data/playlists" is inaccessible or empty, skipping
[2026-02-26 22:59:02.231 +00:00] [INF] [9] Emby.Server.Implementations.IO.LibraryMonitor: Watching directory "/media"
[2026-02-26 23:00:31.499 +00:00] [INF] [3] Emby.Server.Implementations.Session.SessionManager: Sending shutdown notifications
[2026-02-26 23:00:31.506 +00:00] [INF] [17] Main: Running query planner optimizations in the database... This might take a while
[2026-02-26 23:00:31.561 +00:00] [INF] [28] Emby.Server.Implementations.IO.LibraryMonitor: Stopping directory watching for path "/media"
[2026-02-26 23:00:31.564 +00:00] [INF] [17] Emby.Server.Implementations.ApplicationHost: Disposing "CoreAppHost"
[2026-02-26 23:00:31.564 +00:00] [INF] [17] Emby.Server.Implementations.ApplicationHost: Disposing "MusicBrainzArtistProvider"
[2026-02-26 23:00:31.564 +00:00] [INF] [17] Emby.Server.Implementations.ApplicationHost: Disposing "MusicBrainzAlbumProvider"
[2026-02-26 23:00:31.564 +00:00] [INF] [17] Emby.Server.Implementations.ApplicationHost: Disposing "PluginManager"
[2026-02-26 23:00:40.143 +00:00] [INF] [1] Emby.Server.Implementations.AppBase.BaseConfigurationManager: Setting cache path: "/cache"
[2026-02-26 23:00:40.318 +00:00] [INF] [7] Jellyfin.Server.ServerSetupApp.SetupServer: Kestrel is listening on "0.0.0.0"
[2026-02-26 23:00:40.348 +00:00] [INF] [7] Main: Jellyfin version: "10.11.6"
[2026-02-26 23:00:40.351 +00:00] [INF] [7] Main: Environment Variables: ["[JELLYFIN_WEB_DIR, /jellyfin/jellyfin-web]", "[JELLYFIN_CONFIG_DIR, /config/config]", "[JELLYFIN_CACHE_DIR, /cache]", "[JELLYFIN_DATA_DIR, /config]", "[JELLYFIN_FFMPEG, /usr/lib/jellyfin-ffmpeg/ffmpeg]", "[JELLYFIN_LOG_DIR, /config/log]"]
[2026-02-26 23:00:40.353 +00:00] [INF] [7] Main: Arguments: ["/jellyfin/jellyfin.dll"]
[2026-02-26 23:00:40.353 +00:00] [INF] [7] Main: Operating system: "Debian GNU/Linux 13 (trixie)"
[2026-02-26 23:00:40.353 +00:00] [INF] [7] Main: Architecture: X64
[2026-02-26 23:00:40.353 +00:00] [INF] [7] Main: 64-Bit Process: True
[2026-02-26 23:00:40.353 +00:00] [INF] [7] Main: User Interactive: True
[2026-02-26 23:00:40.353 +00:00] [INF] [7] Main: Processor count: 8
[2026-02-26 23:00:40.354 +00:00] [INF] [7] Main: Program data path: "/config"
[2026-02-26 23:00:40.354 +00:00] [INF] [7] Main: Log directory path: "/config/log"
[2026-02-26 23:00:40.354 +00:00] [INF] [7] Main: Config directory path: "/config/config"
[2026-02-26 23:00:40.354 +00:00] [INF] [7] Main: Cache path: "/cache"
[2026-02-26 23:00:40.354 +00:00] [INF] [7] Main: Temp directory path: "/tmp/jellyfin"
[2026-02-26 23:00:40.354 +00:00] [INF] [7] Main: Web resources path: "/jellyfin/jellyfin-web"
[2026-02-26 23:00:40.354 +00:00] [INF] [7] Main: Application directory: "/jellyfin/"
[2026-02-26 23:00:40.366 +00:00] [INF] [7] Jellyfin.Server.Startup: Storage path `"/config/data"` (Fixed) successfully checked with "855GiB" free which is over the minimum of "2GiB".
[2026-02-26 23:00:40.367 +00:00] [INF] [7] Jellyfin.Server.Startup: Storage path `"/cache"` (Fixed) successfully checked with "855GiB" free which is over the minimum of "2GiB".
[2026-02-26 23:00:40.367 +00:00] [INF] [7] Jellyfin.Server.Startup: Storage path `"/config"` (Fixed) successfully checked with "855GiB" free which is over the minimum of "2GiB".
[2026-02-26 23:00:40.369 +00:00] [INF] [7] Emby.Server.Implementations.AppBase.BaseConfigurationManager: Setting cache path: "/cache"
[2026-02-26 23:00:40.418 +00:00] [INF] [7] Jellyfin.Database.Providers.Sqlite.SqliteDatabaseProvider: SQLite connection string: "Data Source=/config/data/jellyfin.db;Cache=Default;Default Timeout=30;Pooling=True"
[2026-02-26 23:00:40.422 +00:00] [INF] [7] Jellyfin.Database.Providers.Sqlite.SqliteDatabaseProvider: SQLITE connection pragma command set to: 
"PRAGMA locking_mode=NORMAL;
PRAGMA journal_size_limit=134217728;
PRAGMA synchronous=1;
PRAGMA temp_store=2;
"
[2026-02-26 23:00:40.423 +00:00] [INF] [7] Jellyfin.Database.Implementations.Locking.NoLockBehavior: The database locking mode has been set to: NoLock.
[2026-02-26 23:00:40.447 +00:00] [INF] [7] Jellyfin.Server.Migrations.JellyfinMigrationService: Initialise Migration service.
[2026-02-26 23:00:40.448 +00:00] [INF] [7] Jellyfin.Server.Migrations.JellyfinMigrationService: System initialisation detected. Seed data.
[2026-02-26 23:00:41.284 +00:00] [INF] [7] Jellyfin.Server.Migrations.JellyfinMigrationService: Migration system initialisation completed.
[2026-02-26 23:00:41.289 +00:00] [INF] [7] Jellyfin.Server.Migrations.JellyfinMigrationService: There are 0 migrations for stage PreInitialisation.
[2026-02-26 23:00:41.295 +00:00] [INF] [7] Emby.Server.Implementations.AppBase.BaseConfigurationManager: Setting cache path: "/cache"
[2026-02-26 23:00:41.307 +00:00] [INF] [7] Emby.Server.Implementations.ApplicationHost: Loading assemblies
[2026-02-26 23:00:41.333 +00:00] [INF] [7] Jellyfin.Networking.Manager.NetworkManager: Defined LAN subnets: ["127.0.0.1/8", "10.0.0.0/8", "172.16.0.0/12", "192.168.0.0/16"]
[2026-02-26 23:00:41.334 +00:00] [INF] [7] Jellyfin.Networking.Manager.NetworkManager: Defined LAN exclusions: []
[2026-02-26 23:00:41.334 +00:00] [INF] [7] Jellyfin.Networking.Manager.NetworkManager: Used LAN subnets: ["127.0.0.1/8", "10.0.0.0/8", "172.16.0.0/12", "192.168.0.0/16"]
[2026-02-26 23:00:41.335 +00:00] [INF] [7] Jellyfin.Networking.Manager.NetworkManager: Filtered interface addresses: ["127.0.0.1", "172.25.0.2"]
[2026-02-26 23:00:41.335 +00:00] [INF] [7] Jellyfin.Networking.Manager.NetworkManager: Bind Addresses ["0.0.0.0"]
[2026-02-26 23:00:41.335 +00:00] [INF] [7] Jellyfin.Networking.Manager.NetworkManager: Remote IP filter is "Allowlist"
[2026-02-26 23:00:41.335 +00:00] [INF] [7] Jellyfin.Networking.Manager.NetworkManager: Filtered subnets: []
[2026-02-26 23:00:41.428 +00:00] [INF] [7] Jellyfin.Database.Providers.Sqlite.SqliteDatabaseProvider: SQLite connection string: "Data Source=/config/data/jellyfin.db;Cache=Default;Default Timeout=30;Pooling=True"
[2026-02-26 23:00:41.428 +00:00] [INF] [7] Jellyfin.Database.Providers.Sqlite.SqliteDatabaseProvider: SQLITE connection pragma command set to: 
"PRAGMA locking_mode=NORMAL;
PRAGMA journal_size_limit=134217728;
PRAGMA synchronous=1;
PRAGMA temp_store=2;
"
[2026-02-26 23:00:41.428 +00:00] [INF] [7] Jellyfin.Database.Implementations.Locking.NoLockBehavior: The database locking mode has been set to: NoLock.
[2026-02-26 23:00:41.433 +00:00] [INF] [7] Main: Prepare system for possible migrations
[2026-02-26 23:00:41.463 +00:00] [INF] [7] Jellyfin.Server.Migrations.JellyfinMigrationService: There are 0 migrations for stage CoreInitialisation.
[2026-02-26 23:00:41.919 +00:00] [INF] [7] Emby.Server.Implementations.Plugins.PluginManager: Loaded plugin: "TMDb" "10.11.6.0"
[2026-02-26 23:00:41.919 +00:00] [INF] [7] Emby.Server.Implementations.Plugins.PluginManager: Loaded plugin: "Studio Images" "10.11.6.0"
[2026-02-26 23:00:41.920 +00:00] [INF] [7] Emby.Server.Implementations.Plugins.PluginManager: Loaded plugin: "OMDb" "10.11.6.0"
[2026-02-26 23:00:41.928 +00:00] [INF] [7] Emby.Server.Implementations.Plugins.PluginManager: Loaded plugin: "MusicBrainz" "10.11.6.0"
[2026-02-26 23:00:41.929 +00:00] [INF] [7] Emby.Server.Implementations.Plugins.PluginManager: Loaded plugin: "AudioDB" "10.11.6.0"
[2026-02-26 23:00:41.961 +00:00] [INF] [7] Jellyfin.Server.Migrations.JellyfinMigrationService: There are 0 migrations for stage AppInitialisation.
[2026-02-26 23:00:41.978 +00:00] [WRN] [9] Microsoft.AspNetCore.DataProtection.Repositories.EphemeralXmlRepository: Using an in-memory repository. Keys will not be persisted to storage.
[2026-02-26 23:00:41.978 +00:00] [WRN] [9] Microsoft.AspNetCore.DataProtection.KeyManagement.XmlKeyManager: Neither user profile nor HKLM registry available. Using an ephemeral key repository. Protected data will be unavailable when application exits.
[2026-02-26 23:00:41.998 +00:00] [INF] [9] Main: Kestrel is listening on "0.0.0.0"
[2026-02-26 23:00:42.007 +00:00] [WRN] [7] Microsoft.AspNetCore.DataProtection.KeyManagement.XmlKeyManager: No XML encryptor configured. Key {f8327153-ce73-4ac6-a978-2ddded1cc493} may be persisted to storage in unencrypted form.
[2026-02-26 23:00:42.543 +00:00] [WRN] [9] Microsoft.AspNetCore.StaticFiles.StaticFileMiddleware: The WebRootPath was not found: "/wwwroot". Static files may be unavailable.
[2026-02-26 23:00:42.568 +00:00] [INF] [9] Emby.Server.Implementations.ApplicationHost: Running startup tasks
[2026-02-26 23:00:42.580 +00:00] [INF] [9] Emby.Server.Implementations.ScheduledTasks.TaskManager: Daily trigger for "Generate Trickplay Images" set to fire at 2026-02-27 03:00:00.000 +00:00, which is 03:59:17.4193775 from now.
[2026-02-26 23:00:42.584 +00:00] [INF] [9] Emby.Server.Implementations.ScheduledTasks.TaskManager: Daily trigger for "Extract Chapter Images" set to fire at 2026-02-27 02:00:00.000 +00:00, which is 02:59:17.4152991 from now.
[2026-02-26 23:00:42.602 +00:00] [INF] [7] Emby.Server.Implementations.IO.LibraryMonitor: Watching directory "/media"
[2026-02-26 23:00:42.618 +00:00] [INF] [9] MediaBrowser.MediaEncoding.Encoder.MediaEncoder: Found ffmpeg version "7.1.3"
[2026-02-26 23:00:42.647 +00:00] [INF] [9] MediaBrowser.MediaEncoding.Encoder.MediaEncoder: Available "decoders": ["libdav1d", "av1", "av1_cuvid", "av1_qsv", "h264", "h264_qsv", "h264_cuvid", "hevc", "hevc_qsv", "hevc_cuvid", "mpeg2video", "mpeg2_qsv", "mpeg2_cuvid", "mpeg4", "mpeg4_cuvid", "msmpeg4", "vc1_qsv", "vc1_cuvid", "vp8", "libvpx", "vp8_cuvid", "vp8_qsv", "vp9", "libvpx-vp9", "vp9_cuvid", "vp9_qsv", "aac", "ac3", "ac4", "dca", "flac", "mp3", "truehd"]
[2026-02-26 23:00:42.664 +00:00] [INF] [9] MediaBrowser.MediaEncoding.Encoder.MediaEncoder: Available "encoders": ["libsvtav1", "av1_nvenc", "av1_qsv", "av1_amf", "av1_vaapi", "libx264", "h264_amf", "h264_nvenc", "h264_qsv", "h264_v4l2m2m", "h264_vaapi", "libx265", "hevc_amf", "hevc_nvenc", "hevc_qsv", "hevc_vaapi", "mjpeg_qsv", "mjpeg_vaapi", "aac", "libfdk_aac", "ac3", "alac", "dca", "flac", "libmp3lame", "libopus", "truehd", "libvorbis", "srt"]
[2026-02-26 23:00:42.681 +00:00] [INF] [9] MediaBrowser.MediaEncoding.Encoder.MediaEncoder: Available filters: ["bwdif_cuda", "bwdif_opencl", "deinterlace_qsv", "deinterlace_vaapi", "flip_vulkan", "hwupload_cuda", "hwupload_vaapi", "libplacebo", "overlay_opencl", "overlay_qsv", "overlay_vaapi", "overlay_vulkan", "overlay_cuda", "procamp_vaapi", "scale_cuda", "scale_opencl", "scale_qsv", "scale_vaapi", "scale_vulkan", "tonemapx", "tonemap_cuda", "tonemap_opencl", "tonemap_vaapi", "transpose_cuda", "transpose_opencl", "transpose_vaapi", "transpose_vulkan", "vpp_qsv", "yadif_cuda", "yadif_opencl", "zscale", "alphasrc"]
[2026-02-26 23:00:42.918 +00:00] [INF] [9] MediaBrowser.MediaEncoding.Encoder.MediaEncoder: Available hwaccel types: ["cuda", "vaapi", "qsv", "drm", "opencl", "vulkan"]
[2026-02-26 23:00:44.527 +00:00] [INF] [9] MediaBrowser.MediaEncoding.Encoder.MediaEncoder: FFmpeg: "/usr/lib/jellyfin-ffmpeg/ffmpeg"
[2026-02-26 23:00:44.527 +00:00] [INF] [9] Emby.Server.Implementations.ApplicationHost: ServerId: "f8af00bbd0db4732a02d3170a4b6d1ff"
[2026-02-26 23:00:44.527 +00:00] [INF] [9] Emby.Server.Implementations.ApplicationHost: Core startup complete
[2026-02-26 23:00:44.527 +00:00] [INF] [9] Main: Startup complete 0:00:04.6597913
[2026-02-26 23:00:45.606 +00:00] [INF] [7] Emby.Server.Implementations.ScheduledTasks.TaskManager: "Clean Transcode Directory" Completed after 0 minute(s) and 0 seconds
[2026-02-26 23:00:45.607 +00:00] [INF] [15] Emby.Server.Implementations.ScheduledTasks.TaskManager: "Clean up collections and playlists" Completed after 0 minute(s) and 0 seconds
[2026-02-26 23:00:46.529 +00:00] [INF] [12] Emby.Server.Implementations.ScheduledTasks.TaskManager: "Update Plugins" Completed after 0 minute(s) and 0 seconds
[2026-02-26 23:01:03.936 +00:00] [INF] [7] Emby.Server.Implementations.IO.LibraryMonitor: Stopping directory watching for path "/media"
[2026-02-26 23:01:03.958 +00:00] [INF] [7] Emby.Server.Implementations.Library.LibraryManager: Found duplicate path: "/media/photos"
[2026-02-26 23:01:05.548 +00:00] [INF] [7] Emby.Server.Implementations.Library.LibraryManager: Found duplicate path: "/media/photos"
[2026-02-26 23:01:05.698 +00:00] [WRN] [7] MediaBrowser.Controller.Entities.BaseItem: Library folder "/config/data/playlists" is inaccessible or empty, skipping
[2026-02-26 23:01:06.983 +00:00] [INF] [17] Emby.Server.Implementations.IO.LibraryMonitor: Watching directory "/media"
[2026-02-26 23:01:16.756 +00:00] [INF] [17] Emby.Server.Implementations.AppBase.BaseConfigurationManager: Saving system configuration
[2026-02-26 23:01:16.757 +00:00] [INF] [17] Emby.Server.Implementations.AppBase.BaseConfigurationManager: Setting cache path: "/cache"
[2026-02-26 23:01:18.047 +00:00] [INF] [20] Jellyfin.Networking.Manager.NetworkManager: Defined LAN subnets: ["127.0.0.1/8", "10.0.0.0/8", "172.16.0.0/12", "192.168.0.0/16"]
[2026-02-26 23:01:18.047 +00:00] [INF] [20] Jellyfin.Networking.Manager.NetworkManager: Defined LAN exclusions: []
[2026-02-26 23:01:18.048 +00:00] [INF] [20] Jellyfin.Networking.Manager.NetworkManager: Used LAN subnets: ["127.0.0.1/8", "10.0.0.0/8", "172.16.0.0/12", "192.168.0.0/16"]
[2026-02-26 23:01:18.048 +00:00] [INF] [20] Jellyfin.Networking.Manager.NetworkManager: Filtered interface addresses: ["127.0.0.1", "172.25.0.2"]
[2026-02-26 23:01:18.048 +00:00] [INF] [20] Jellyfin.Networking.Manager.NetworkManager: Bind Addresses ["0.0.0.0"]
[2026-02-26 23:01:18.048 +00:00] [INF] [20] Jellyfin.Networking.Manager.NetworkManager: Remote IP filter is "Allowlist"
[2026-02-26 23:01:18.048 +00:00] [INF] [20] Jellyfin.Networking.Manager.NetworkManager: Filtered subnets: []
[2026-02-26 23:01:19.227 +00:00] [INF] [9] Emby.Server.Implementations.AppBase.BaseConfigurationManager: Saving system configuration
[2026-02-26 23:01:19.228 +00:00] [INF] [9] Emby.Server.Implementations.AppBase.BaseConfigurationManager: Setting cache path: "/cache"
[2026-02-26 23:01:19.233 +00:00] [INF] [20] Emby.Server.Implementations.IO.LibraryMonitor: Stopping directory watching for path "/media"
[2026-02-26 23:01:19.235 +00:00] [INF] [20] Emby.Server.Implementations.Library.LibraryManager: Validating media library
[2026-02-26 23:01:19.248 +00:00] [INF] [20] Emby.Server.Implementations.Library.LibraryManager: Found duplicate path: "/media/photos"
[2026-02-26 23:01:19.261 +00:00] [WRN] [20] MediaBrowser.Controller.Entities.BaseItem: Library folder "/config/data/playlists" is inaccessible or empty, skipping
[2026-02-26 23:01:19.352 +00:00] [INF] [20] Emby.Server.Implementations.Library.LibraryManager: Found duplicate path: "/media/photos"
[2026-02-26 23:01:19.367 +00:00] [WRN] [20] MediaBrowser.Controller.Entities.BaseItem: Library folder "/config/data/playlists" is inaccessible or empty, skipping
[2026-02-26 23:01:26.375 +00:00] [INF] [7] Jellyfin.Server.Implementations.Users.UserManager: Authentication request for "Chengwei" has succeeded.
[2026-02-26 23:01:26.375 +00:00] [INF] [7] Emby.Server.Implementations.Session.SessionManager: Current/Max sessions for user "Chengwei": 0/0
[2026-02-26 23:01:26.378 +00:00] [INF] [7] Emby.Server.Implementations.Session.SessionManager: Creating new access token for user 5f5fa1dd-ceef-4248-83c5-43025cde9604
[2026-02-26 23:01:26.601 +00:00] [INF] [23] Emby.Server.Implementations.HttpServer.WebSocketManager: WS "100.96.22.28" request
[2026-02-26 23:01:44.603 +00:00] [WRN] [12] Microsoft.EntityFrameworkCore.Query: The query uses a row limiting operator ('Skip'/'Take') without an 'OrderBy' operator. This may lead to unpredictable results. If the 'Distinct' operator is used after 'OrderBy', then make sure to use the 'OrderBy' operator after 'Distinct' as the ordering would otherwise get erased.
[2026-02-26 23:03:01.987 +00:00] [WRN] [29] MediaBrowser.Controller.Entities.BaseItem: Library folder "/config/data/playlists" is inaccessible or empty, skipping
[2026-02-26 23:03:01.989 +00:00] [INF] [29] Emby.Server.Implementations.Library.LibraryManager: Removing item, Type: "Folder", Name: "media", Path: "/media", Id: 92fde71d-0ec5-77b5-31e7-b3427b223bed
[2026-02-26 23:03:02.710 +00:00] [INF] [29] Emby.Server.Implementations.ScheduledTasks.TaskManager: Attempting to cancel Scheduled Task "Scan Media Library"
[2026-02-26 23:03:02.751 +00:00] [ERR] [18] MediaBrowser.Controller.LibraryTaskScheduler.LimitedConcurrencyLibraryScheduler: Error while performing a library operation
System.OperationCanceledException: The operation was canceled.
   at Microsoft.Win32.SafeHandles.SafeFileHandle.ThreadPoolValueTaskSource.GetResult(Int16 token)
   at System.IO.Stream.<CopyToAsync>g__Core|27_0(Stream source, Stream destination, Int32 bufferSize, CancellationToken cancellationToken)
   at System.IO.Strategies.BufferedFileStreamStrategy.CopyToAsyncCore(Stream destination, Int32 bufferSize, CancellationToken cancellationToken)
   at MediaBrowser.Providers.Manager.ImageSaver.SaveImageToLocation(Stream source, String path, CancellationToken cancellationToken)
   at MediaBrowser.Providers.Manager.ImageSaver.SaveImageToLocation(Stream source, String path, CancellationToken cancellationToken)
   at MediaBrowser.Providers.Manager.ImageSaver.SaveImageToLocation(Stream source, String path, String retryPath, CancellationToken cancellationToken)
   at MediaBrowser.Providers.Manager.ImageSaver.SaveImage(BaseItem item, Stream source, String mimeType, ImageType type, Nullable`1 imageIndex, Nullable`1 saveLocallyWithMedia, CancellationToken cancellationToken)
   at MediaBrowser.Providers.Manager.ImageSaver.SaveImage(BaseItem item, Stream source, String mimeType, ImageType type, Nullable`1 imageIndex, Nullable`1 saveLocallyWithMedia, CancellationToken cancellationToken)
   at MediaBrowser.Providers.Manager.ProviderManager.SaveImage(BaseItem item, String source, String mimeType, ImageType type, Nullable`1 imageIndex, Nullable`1 saveLocallyWithMedia, CancellationToken cancellationToken)
   at MediaBrowser.Providers.Manager.ItemImageProvider.RefreshFromProvider(BaseItem item, IDynamicImageProvider provider, ImageRefreshOptions refreshOptions, TypeOptions savedOptions, List`1 downloadedImages, RefreshResult result, CancellationToken cancellationToken)
   at MediaBrowser.Providers.Manager.ItemImageProvider.RefreshImages(BaseItem item, LibraryOptions libraryOptions, IEnumerable`1 providers, ImageRefreshOptions refreshOptions, CancellationToken cancellationToken)
   at MediaBrowser.Providers.Manager.MetadataService`2.RefreshMetadata(BaseItem item, MetadataRefreshOptions refreshOptions, CancellationToken cancellationToken)
   at MediaBrowser.Controller.Entities.BaseItem.RefreshMetadata(MetadataRefreshOptions options, CancellationToken cancellationToken)
   at MediaBrowser.Controller.Entities.Folder.RefreshChildMetadata(BaseItem child, MetadataRefreshOptions refreshOptions, Boolean recursive, IProgress`1 progress, CancellationToken cancellationToken)
   at MediaBrowser.Controller.LibraryTaskScheduler.LimitedConcurrencyLibraryScheduler.ProcessItem(TaskQueueItem item)
[2026-02-26 23:03:02.947 +00:00] [ERR] [18] Microsoft.EntityFrameworkCore.Database.Connection: An error occurred using the connection to database '"main"' on server '"/config/data/jellyfin.db"'.
[2026-02-26 23:03:02.947 +00:00] [INF] [18] Emby.Server.Implementations.Library.LibraryManager: Post-scan task cancelled: "CleanDatabaseScheduledTask"
[2026-02-26 23:03:02.951 +00:00] [INF] [18] Emby.Server.Implementations.ScheduledTasks.TaskManager: "Scan Media Library" Cancelled after 1 minute(s) and 43 seconds
[2026-02-26 23:03:02.982 +00:00] [INF] [29] Emby.Server.Implementations.IO.LibraryMonitor: Stopping directory watching for path "/media/photos"
[2026-02-26 23:03:02.982 +00:00] [INF] [29] Emby.Server.Implementations.Library.LibraryManager: Validating media library
[2026-02-26 23:03:03.029 +00:00] [INF] [30] Emby.Server.Implementations.IO.LibraryMonitor: Watching directory "/media/photos"
[2026-02-26 23:03:03.032 +00:00] [WRN] [29] MediaBrowser.Controller.Entities.BaseItem: Library folder "/config/data/playlists" is inaccessible or empty, skipping
[2026-02-26 23:03:03.072 +00:00] [WRN] [30] MediaBrowser.Controller.Entities.BaseItem: Library folder "/config/data/playlists" is inaccessible or empty, skipping
[2026-02-26 23:03:06.777 +00:00] [WRN] [30] MediaBrowser.Controller.Entities.BaseItem: Library folder "/config/data/playlists" is inaccessible or empty, skipping
[2026-02-26 23:03:06.777 +00:00] [INF] [30] Emby.Server.Implementations.Library.LibraryManager: Removing item, Type: "Folder", Name: "photos", Path: "/media/photos", Id: 0f3b43c8-59fc-1020-8dcb-faa582c4b920
[2026-02-26 23:03:06.993 +00:00] [WRN] [18] Emby.Server.Implementations.Library.LibraryManager: Image not found at "/config/metadata/library/dd/dd81703e6f0f50da7c0dc24fa0db52ee/poster.jpg"
[2026-02-26 23:03:07.277 +00:00] [INF] [23] Emby.Server.Implementations.ScheduledTasks.TaskManager: Attempting to cancel Scheduled Task "Scan Media Library"
[2026-02-26 23:03:07.296 +00:00] [ERR] [18] MediaBrowser.Controller.LibraryTaskScheduler.LimitedConcurrencyLibraryScheduler: Error while performing a library operation
System.OperationCanceledException: The operation was canceled.
   at System.Threading.CancellationToken.ThrowOperationCanceledException()
   at Jellyfin.Server.Implementations.Item.BaseItemRepository.UpdateOrInsertItems(IReadOnlyList`1 items, CancellationToken cancellationToken)
   at Emby.Server.Implementations.Library.LibraryManager.UpdateItemsAsync(IReadOnlyList`1 items, BaseItem parent, ItemUpdateType updateReason, CancellationToken cancellationToken)
   at MediaBrowser.Controller.Entities.BaseItem.UpdateToRepositoryAsync(ItemUpdateType updateReason, CancellationToken cancellationToken)
   at MediaBrowser.Controller.Entities.Video.UpdateToRepositoryAsync(ItemUpdateType updateReason, CancellationToken cancellationToken)
   at MediaBrowser.Providers.Manager.MetadataService`2.SaveItemAsync(MetadataResult`1 result, ItemUpdateType reason, Boolean reattachUserData, CancellationToken cancellationToken)
   at MediaBrowser.Providers.Manager.MetadataService`2.<RefreshMetadata>g__SaveInternal|36_0(BaseItem item, MetadataRefreshOptions refreshOptions, ItemUpdateType updateType, Boolean isFirstRefresh, Boolean requiresRefresh, MetadataResult`1 metadataResult, CancellationToken cancellationToken)
   at MediaBrowser.Providers.Manager.MetadataService`2.RefreshMetadata(BaseItem item, MetadataRefreshOptions refreshOptions, CancellationToken cancellationToken)
   at MediaBrowser.Controller.Entities.BaseItem.RefreshMetadata(MetadataRefreshOptions options, CancellationToken cancellationToken)
   at MediaBrowser.Controller.Entities.Folder.RefreshChildMetadata(BaseItem child, MetadataRefreshOptions refreshOptions, Boolean recursive, IProgress`1 progress, CancellationToken cancellationToken)
   at MediaBrowser.Controller.LibraryTaskScheduler.LimitedConcurrencyLibraryScheduler.ProcessItem(TaskQueueItem item)
[2026-02-26 23:03:07.308 +00:00] [ERR] [18] Microsoft.EntityFrameworkCore.Database.Connection: An error occurred using the connection to database '"main"' on server '"/config/data/jellyfin.db"'.
[2026-02-26 23:03:07.308 +00:00] [INF] [18] Emby.Server.Implementations.Library.LibraryManager: Post-scan task cancelled: "CleanDatabaseScheduledTask"
[2026-02-26 23:03:07.308 +00:00] [INF] [18] Emby.Server.Implementations.ScheduledTasks.TaskManager: "Scan Media Library" Cancelled after 0 minute(s) and 4 seconds
[2026-02-26 23:03:07.342 +00:00] [INF] [29] Emby.Server.Implementations.Library.LibraryManager: Validating media library
[2026-02-26 23:03:07.348 +00:00] [WRN] [29] MediaBrowser.Controller.Entities.BaseItem: Library folder "/config/data/playlists" is inaccessible or empty, skipping
[2026-02-26 23:03:07.351 +00:00] [WRN] [29] MediaBrowser.Controller.Entities.BaseItem: Library folder "/config/data/playlists" is inaccessible or empty, skipping
[2026-02-26 23:03:07.361 +00:00] [INF] [29] Emby.Server.Implementations.ScheduledTasks.TaskManager: "Scan Media Library" Completed after 0 minute(s) and 0 seconds
[2026-02-26 23:03:59.746 +00:00] [INF] [18] Emby.Server.Implementations.HttpServer.WebSocketManager: WS "100.96.22.28" closed
[2026-02-26 23:04:00.054 +00:00] [INF] [18] Emby.Server.Implementations.HttpServer.WebSocketManager: WS "100.96.22.28" request
[2026-02-26 23:04:10.292 +00:00] [WRN] [18] MediaBrowser.Controller.Entities.BaseItem: Library folder "/config/data/playlists" is inaccessible or empty, skipping
[2026-02-26 23:04:10.343 +00:00] [INF] [18] Emby.Server.Implementations.Library.LibraryManager: Validating media library
[2026-02-26 23:04:10.359 +00:00] [WRN] [18] MediaBrowser.Controller.Entities.BaseItem: Library folder "/config/data/playlists" is inaccessible or empty, skipping
[2026-02-26 23:04:10.387 +00:00] [WRN] [18] MediaBrowser.Controller.Entities.BaseItem: Library folder "/config/data/playlists" is inaccessible or empty, skipping
[2026-02-26 23:06:22.396 +00:00] [INF] [12] MediaBrowser.Providers.MediaInfo.VideoImageProvider: Skipping image extraction due to missing DefaultVideoStreamIndex for "/media/photos/Taiwan 2025/DJI_20260127150000_0182_D.MP4".
[2026-02-26 23:06:25.268 +00:00] [INF] [3] Emby.Server.Implementations.ScheduledTasks.TaskManager: "Scan Media Library" Completed after 2 minute(s) and 14 seconds
[2026-02-26 23:06:25.345 +00:00] [INF] [12] Emby.Server.Implementations.IO.LibraryMonitor: Watching directory "/media/photos"
[2026-02-26 23:07:16.395 +00:00] [INF] [23] Jellyfin.Server.Implementations.Users.UserManager: Authentication request for "Chengwei" has succeeded.
[2026-02-26 23:07:16.395 +00:00] [INF] [23] Emby.Server.Implementations.Session.SessionManager: Current/Max sessions for user "Chengwei": 1/0
[2026-02-26 23:07:16.395 +00:00] [INF] [23] Emby.Server.Implementations.Session.SessionManager: Creating new access token for user 5f5fa1dd-ceef-4248-83c5-43025cde9604
[2026-02-26 23:07:16.420 +00:00] [INF] [29] Emby.Server.Implementations.HttpServer.WebSocketManager: WS "100.96.22.28" request
[2026-02-26 23:07:18.639 +00:00] [INF] [18] Emby.Server.Implementations.HttpServer.WebSocketManager: WS "100.96.22.28" closed
[2026-02-26 23:07:53.194 +00:00] [INF] [21] Emby.Server.Implementations.HttpServer.WebSocketManager: WS "100.96.22.28" closed
[2026-02-26 23:10:29.574 +00:00] [INF] [41] Emby.Server.Implementations.HttpServer.WebSocketManager: WS "100.96.22.28" request
[2026-02-26 23:10:42.932 +00:00] [INF] [45] Emby.Server.Implementations.HttpServer.WebSocketManager: WS "100.96.22.28" closed
[2026-02-26 23:18:38.715 +00:00] [INF] [72] Emby.Server.Implementations.HttpServer.WebSocketManager: WS "100.96.22.28" request
[2026-02-26 23:18:58.109 +00:00] [INF] [75] Emby.Server.Implementations.HttpServer.WebSocketManager: WS "100.96.22.28" closed
[2026-02-26 23:19:03.955 +00:00] [INF] [72] Emby.Server.Implementations.HttpServer.WebSocketManager: WS "100.96.22.28" request
[2026-02-26 23:19:35.759 +00:00] [INF] [70] Emby.Server.Implementations.HttpServer.WebSocketManager: WS "100.96.22.28" closed
[2026-02-26 23:36:03.467 +00:00] [INF] [62] Jellyfin.Server.Implementations.Users.UserManager: Authentication request for "Chengwei" has succeeded.
[2026-02-26 23:36:03.467 +00:00] [INF] [62] Emby.Server.Implementations.Session.SessionManager: Current/Max sessions for user "Chengwei": 0/0
[2026-02-26 23:36:03.467 +00:00] [INF] [62] Emby.Server.Implementations.Session.SessionManager: Creating new access token for user 5f5fa1dd-ceef-4248-83c5-43025cde9604
[2026-02-26 23:36:03.504 +00:00] [INF] [71] Emby.Server.Implementations.HttpServer.WebSocketManager: WS "100.125.219.112" request
[2026-02-26 23:36:07.167 +00:00] [INF] [63] Jellyfin.Api.Helpers.MediaInfoHelper: User policy for "Chengwei". EnablePlaybackRemuxing: True EnableVideoPlaybackTranscoding: True EnableAudioPlaybackTranscoding: True
[2026-02-26 23:36:25.791 +00:00] [INF] [62] Emby.Server.Implementations.Session.SessionManager: Playback stopped reported by app "Jellyfin iOS" "1.7.0" playing "DJI_20260131193738_0187_D". Stopped at "12896" ms
[2026-02-26 23:36:30.796 +00:00] [INF] [61] Emby.Server.Implementations.HttpServer.WebSocketManager: WS "100.125.219.112" closed
